2025-02-09 12:09:20,156 - manufacturing_optimizer - INFO - Preparing manufacturing data for optimization
2025-02-09 12:09:20,160 - manufacturing_optimizer - INFO - Prepared 100 samples for training
2025-02-09 12:09:20,161 - manufacturing_optimizer - INFO - Preparing manufacturing data for optimization
2025-02-09 12:09:20,162 - manufacturing_optimizer - INFO - Prepared 100 samples for training
2025-02-09 12:09:20,162 - manufacturing_optimizer - INFO - Training optimization models
2025-02-09 12:09:20,477 - manufacturing_optimizer - INFO - Models trained successfully. Metrics: {'mse': 1.0087434685531345, 'r2': 0.16700737119432985}
2025-02-09 12:09:20,478 - manufacturing_optimizer - INFO - Preparing manufacturing data for optimization
2025-02-09 12:09:20,479 - manufacturing_optimizer - INFO - Prepared 100 samples for training
2025-02-09 12:09:20,480 - manufacturing_optimizer - INFO - Training optimization models
2025-02-09 12:09:20,657 - manufacturing_optimizer - INFO - Models trained successfully. Metrics: {'mse': 1.0087434685531345, 'r2': 0.16700737119432985}
2025-02-09 12:09:20,662 - manufacturing_optimizer - INFO - Parameter optimization completed successfully
2025-02-09 12:09:20,663 - manufacturing_optimizer - INFO - Preparing manufacturing data for optimization
2025-02-09 12:09:20,665 - manufacturing_optimizer - INFO - Prepared 100 samples for training
2025-02-09 12:09:20,665 - manufacturing_optimizer - INFO - Training optimization models
2025-02-09 12:09:20,867 - manufacturing_optimizer - INFO - Models trained successfully. Metrics: {'mse': 1.0087434685531345, 'r2': 0.16700737119432985}
2025-02-09 12:09:20,871 - manufacturing_optimizer - INFO - Generated predictions: {'predicted_output': 96.93616972972212, 'predicted_quality': 95.99636596834223}
2025-02-09 12:09:21,574 - manufacturing_optimizer - INFO - Preparing manufacturing data for optimization
2025-02-09 12:09:21,576 - manufacturing_optimizer - INFO - Prepared 140 samples for training
2025-02-09 12:09:21,576 - manufacturing_optimizer - INFO - Training optimization models
2025-02-09 12:09:21,752 - manufacturing_optimizer - INFO - Models trained successfully. Metrics: {'mse': 0.2934370335362847, 'r2': 0.7900178408257144}
2025-02-09 12:09:21,757 - manufacturing_optimizer - INFO - Parameter optimization completed successfully
2025-02-09 12:09:21,760 - manufacturing_optimizer - INFO - Generated predictions: {'predicted_output': 89.95864907310458, 'predicted_quality': 90.72947373744309}
2025-02-09 12:09:23,018 - manufacturing_optimizer - INFO - Parameter optimization completed successfully
2025-02-09 12:09:25,402 - manufacturing_optimizer - INFO - Preparing manufacturing data for optimization
2025-02-09 12:09:25,404 - manufacturing_optimizer - INFO - Prepared 5312 samples for training
2025-02-09 12:09:25,405 - manufacturing_optimizer - INFO - Training optimization models
2025-02-09 12:09:26,808 - manufacturing_optimizer - INFO - Models trained successfully. Metrics: {'mse': 0.014051720540749008, 'r2': 0.9860523257408458}
2025-02-09 12:09:26,815 - manufacturing_optimizer - INFO - Parameter optimization completed successfully
