2025-02-09 12:16:21,390 - manufacturing_optimizer - INFO - Preparing manufacturing data for optimization
2025-02-09 12:16:21,394 - manufacturing_optimizer - INFO - Prepared 100 samples for training
2025-02-09 12:16:21,395 - manufacturing_optimizer - INFO - Preparing manufacturing data for optimization
2025-02-09 12:16:21,397 - manufacturing_optimizer - INFO - Prepared 100 samples for training
2025-02-09 12:16:21,397 - manufacturing_optimizer - INFO - Training optimization models
2025-02-09 12:16:21,721 - manufacturing_optimizer - INFO - Models trained successfully. Metrics: {'mse': 1.0087434685531345, 'r2': 0.16700737119432985}
2025-02-09 12:16:21,722 - manufacturing_optimizer - INFO - Preparing manufacturing data for optimization
2025-02-09 12:16:21,724 - manufacturing_optimizer - INFO - Prepared 100 samples for training
2025-02-09 12:16:21,724 - manufacturing_optimizer - INFO - Training optimization models
2025-02-09 12:16:21,899 - manufacturing_optimizer - INFO - Models trained successfully. Metrics: {'mse': 1.0087434685531345, 'r2': 0.16700737119432985}
2025-02-09 12:16:21,905 - manufacturing_optimizer - INFO - Parameter optimization completed successfully
2025-02-09 12:16:21,906 - manufacturing_optimizer - INFO - Preparing manufacturing data for optimization
2025-02-09 12:16:21,907 - manufacturing_optimizer - INFO - Prepared 100 samples for training
2025-02-09 12:16:21,907 - manufacturing_optimizer - INFO - Training optimization models
2025-02-09 12:16:22,084 - manufacturing_optimizer - INFO - Models trained successfully. Metrics: {'mse': 1.0087434685531345, 'r2': 0.16700737119432985}
2025-02-09 12:16:22,087 - manufacturing_optimizer - INFO - Generated predictions: {'predicted_output': 96.93616972972212, 'predicted_quality': 95.99636596834223}
2025-02-09 12:16:22,818 - manufacturing_optimizer - INFO - Preparing manufacturing data for optimization
2025-02-09 12:16:22,820 - manufacturing_optimizer - INFO - Prepared 129 samples for training
2025-02-09 12:16:22,820 - manufacturing_optimizer - INFO - Training optimization models
2025-02-09 12:16:23,013 - manufacturing_optimizer - INFO - Models trained successfully. Metrics: {'mse': 0.33809117899736907, 'r2': 0.6960211619481749}
2025-02-09 12:16:23,018 - manufacturing_optimizer - INFO - Parameter optimization completed successfully
2025-02-09 12:16:23,022 - manufacturing_optimizer - INFO - Generated predictions: {'predicted_output': 94.8019954043841, 'predicted_quality': 93.83388159388443}
2025-02-09 12:16:24,285 - manufacturing_optimizer - INFO - Parameter optimization completed successfully
2025-02-09 12:16:26,698 - manufacturing_optimizer - INFO - Preparing manufacturing data for optimization
2025-02-09 12:16:26,700 - manufacturing_optimizer - INFO - Prepared 5209 samples for training
2025-02-09 12:16:26,700 - manufacturing_optimizer - INFO - Training optimization models
2025-02-09 12:16:28,081 - manufacturing_optimizer - INFO - Models trained successfully. Metrics: {'mse': 0.008623203663947053, 'r2': 0.9911630584689414}
2025-02-09 12:16:28,088 - manufacturing_optimizer - INFO - Parameter optimization completed successfully
