2025-02-09 07:41:51,783 - manufacturing_optimizer - INFO - Preparing manufacturing data for optimization
2025-02-09 07:41:51,788 - manufacturing_optimizer - INFO - Prepared 100 samples for training
2025-02-09 07:41:51,789 - manufacturing_optimizer - INFO - Preparing manufacturing data for optimization
2025-02-09 07:41:51,790 - manufacturing_optimizer - INFO - Prepared 100 samples for training
2025-02-09 07:41:51,790 - manufacturing_optimizer - INFO - Training optimization models
2025-02-09 07:41:52,095 - manufacturing_optimizer - INFO - Models trained successfully. Metrics: {'mse': 1.0087434685531345, 'r2': 0.16700737119432985}
2025-02-09 07:41:52,097 - manufacturing_optimizer - INFO - Preparing manufacturing data for optimization
2025-02-09 07:41:52,098 - manufacturing_optimizer - INFO - Prepared 100 samples for training
2025-02-09 07:41:52,098 - manufacturing_optimizer - INFO - Training optimization models
2025-02-09 07:41:52,274 - manufacturing_optimizer - INFO - Models trained successfully. Metrics: {'mse': 1.0087434685531345, 'r2': 0.16700737119432985}
2025-02-09 07:41:52,279 - manufacturing_optimizer - INFO - Parameter optimization completed successfully
2025-02-09 07:41:52,280 - manufacturing_optimizer - INFO - Preparing manufacturing data for optimization
2025-02-09 07:41:52,281 - manufacturing_optimizer - INFO - Prepared 100 samples for training
2025-02-09 07:41:52,281 - manufacturing_optimizer - INFO - Training optimization models
2025-02-09 07:41:52,457 - manufacturing_optimizer - INFO - Models trained successfully. Metrics: {'mse': 1.0087434685531345, 'r2': 0.16700737119432985}
2025-02-09 07:41:52,460 - manufacturing_optimizer - INFO - Generated predictions: {'predicted_output': 96.93616972972212, 'predicted_quality': 95.99636596834223}
2025-02-09 07:41:53,180 - manufacturing_optimizer - INFO - Preparing manufacturing data for optimization
2025-02-09 07:41:53,182 - manufacturing_optimizer - INFO - Prepared 146 samples for training
2025-02-09 07:41:53,182 - manufacturing_optimizer - INFO - Training optimization models
2025-02-09 07:41:53,361 - manufacturing_optimizer - INFO - Models trained successfully. Metrics: {'mse': 0.28108958710050747, 'r2': 0.7708599684504773}
2025-02-09 07:41:53,366 - manufacturing_optimizer - INFO - Parameter optimization completed successfully
2025-02-09 07:41:53,369 - manufacturing_optimizer - INFO - Generated predictions: {'predicted_output': 90.54138712697151, 'predicted_quality': 90.65882844983646}
2025-02-09 07:41:54,613 - manufacturing_optimizer - INFO - Parameter optimization completed successfully
2025-02-09 07:41:57,019 - manufacturing_optimizer - INFO - Preparing manufacturing data for optimization
2025-02-09 07:41:57,022 - manufacturing_optimizer - INFO - Prepared 5188 samples for training
2025-02-09 07:41:57,022 - manufacturing_optimizer - INFO - Training optimization models
2025-02-09 07:41:58,370 - manufacturing_optimizer - INFO - Models trained successfully. Metrics: {'mse': 0.009955041774752395, 'r2': 0.989873234105411}
2025-02-09 07:41:58,377 - manufacturing_optimizer - INFO - Parameter optimization completed successfully
