2025-02-09 12:14:15,894 - manufacturing_optimizer - INFO - Preparing manufacturing data for optimization
2025-02-09 12:14:15,899 - manufacturing_optimizer - INFO - Prepared 100 samples for training
2025-02-09 12:14:15,900 - manufacturing_optimizer - INFO - Preparing manufacturing data for optimization
2025-02-09 12:14:15,901 - manufacturing_optimizer - INFO - Prepared 100 samples for training
2025-02-09 12:14:15,901 - manufacturing_optimizer - INFO - Training optimization models
2025-02-09 12:14:16,213 - manufacturing_optimizer - INFO - Models trained successfully. Metrics: {'mse': 1.0087434685531345, 'r2': 0.16700737119432985}
2025-02-09 12:14:16,214 - manufacturing_optimizer - INFO - Preparing manufacturing data for optimization
2025-02-09 12:14:16,215 - manufacturing_optimizer - INFO - Prepared 100 samples for training
2025-02-09 12:14:16,215 - manufacturing_optimizer - INFO - Training optimization models
2025-02-09 12:14:16,389 - manufacturing_optimizer - INFO - Models trained successfully. Metrics: {'mse': 1.0087434685531345, 'r2': 0.16700737119432985}
2025-02-09 12:14:16,394 - manufacturing_optimizer - INFO - Parameter optimization completed successfully
2025-02-09 12:14:16,395 - manufacturing_optimizer - INFO - Preparing manufacturing data for optimization
2025-02-09 12:14:16,396 - manufacturing_optimizer - INFO - Prepared 100 samples for training
2025-02-09 12:14:16,396 - manufacturing_optimizer - INFO - Training optimization models
2025-02-09 12:14:16,573 - manufacturing_optimizer - INFO - Models trained successfully. Metrics: {'mse': 1.0087434685531345, 'r2': 0.16700737119432985}
2025-02-09 12:14:16,577 - manufacturing_optimizer - INFO - Generated predictions: {'predicted_output': 96.93616972972212, 'predicted_quality': 95.99636596834223}
2025-02-09 12:14:17,354 - manufacturing_optimizer - INFO - Preparing manufacturing data for optimization
2025-02-09 12:14:17,356 - manufacturing_optimizer - INFO - Prepared 134 samples for training
2025-02-09 12:14:17,356 - manufacturing_optimizer - INFO - Training optimization models
2025-02-09 12:14:17,540 - manufacturing_optimizer - INFO - Models trained successfully. Metrics: {'mse': 0.2490844542901349, 'r2': 0.6875267317177529}
2025-02-09 12:14:17,544 - manufacturing_optimizer - INFO - Parameter optimization completed successfully
2025-02-09 12:14:17,548 - manufacturing_optimizer - INFO - Generated predictions: {'predicted_output': 92.82910217175974, 'predicted_quality': 91.08057737420337}
2025-02-09 12:14:18,787 - manufacturing_optimizer - INFO - Parameter optimization completed successfully
2025-02-09 12:14:21,182 - manufacturing_optimizer - INFO - Preparing manufacturing data for optimization
2025-02-09 12:14:21,184 - manufacturing_optimizer - INFO - Prepared 5160 samples for training
2025-02-09 12:14:21,184 - manufacturing_optimizer - INFO - Training optimization models
2025-02-09 12:14:22,574 - manufacturing_optimizer - INFO - Models trained successfully. Metrics: {'mse': 0.010145136424578663, 'r2': 0.9896677153448643}
2025-02-09 12:14:22,580 - manufacturing_optimizer - INFO - Parameter optimization completed successfully
