2025-02-09 12:14:17,540 - solitek_manufacturing - INFO - AI optimization model trained. Metrics: {'mse': 0.2490844542901349, 'r2': 0.6875267317177529}
2025-02-09 12:14:17,544 - solitek_manufacturing - INFO - Optimized parameters generated:
input_amount: 101.51
energy_used: 150.16
cycle_time: 50.36
efficiency: 20.99
defect_rate: 2.03
thickness_uniformity: 95.05
2025-02-09 12:14:17,548 - solitek_manufacturing - INFO - Manufacturing predictions:
Predicted Output: 92.83
Predicted Quality: 91.08
2025-02-09 12:14:17,549 - solitek_manufacturing - INFO - Efficiency analysis completed: {'yield_rate': np.float64(92.0417468062789), 'cycle_time_efficiency': np.float64(1.8306018189407012), 'energy_efficiency': np.float64(0.6121272101358843), 'output_amount': np.float64(91.6178636349879), 'input_amount': np.float64(99.53946639867327)}
2025-02-09 12:14:17,550 - solitek_manufacturing - INFO - Quality analysis completed: {'avg_defect_rate': np.float64(2.013464078519812), 'efficiency_score': np.float64(20.951597526492616), 'uniformity_score': np.float64(94.92750778006516)}
2025-02-09 12:14:17,550 - solitek_manufacturing - INFO - Sustainability analysis completed: {'carbon_footprint': np.float64(791.0359273367312), 'sustainability_score': np.float64(85.18235987608452), 'material_efficiency': np.float64(89.56628868991291), 'recycling_rate': np.float64(74.9531926438183), 'waste_reduction': np.float64(89.5662886899129)}
2025-02-09 12:14:17,556 - solitek_manufacturing - INFO - Comprehensive report generated at: /Users/mostafashami/Desktop/PV_Project/CIRCMAN5.0/tests/results/runs/run_20250209_121417/reports/manufacturing_analysis.xlsx
2025-02-09 12:14:17,886 - solitek_manufacturing - INFO - Visualization saved to /Users/mostafashami/Desktop/PV_Project/CIRCMAN5.0/tests/results/runs/run_20250209_121417/visualizations/production_analysis.png
2025-02-09 12:14:18,189 - solitek_manufacturing - INFO - Visualization saved to /Users/mostafashami/Desktop/PV_Project/CIRCMAN5.0/tests/results/runs/run_20250209_121417/visualizations/energy_analysis.png
2025-02-09 12:14:18,518 - solitek_manufacturing - INFO - Visualization saved to /Users/mostafashami/Desktop/PV_Project/CIRCMAN5.0/tests/results/runs/run_20250209_121417/visualizations/quality_analysis.png
2025-02-09 12:14:18,782 - solitek_manufacturing - INFO - Visualization saved to /Users/mostafashami/Desktop/PV_Project/CIRCMAN5.0/tests/results/runs/run_20250209_121417/visualizations/sustainability_analysis.png
2025-02-09 12:14:18,787 - solitek_manufacturing - INFO - Optimized parameters generated:
input_amount: 101.46
energy_used: 150.22
cycle_time: 50.16
efficiency: 20.94
defect_rate: 1.99
thickness_uniformity: 94.92
2025-02-09 12:14:18,787 - solitek_manufacturing - INFO - Optimization potential analysis:
input_amount: 1.9%
energy_used: 0.4%
cycle_time: 0.2%
efficiency: -0.1%
defect_rate: -1.3%
thickness_uniformity: -0.0%
2025-02-09 12:14:21,178 - solitek_manufacturing - INFO - Efficiency analysis completed: {'yield_rate': np.float64(91.47961838492515), 'cycle_time_efficiency': np.float64(1.8320635455714245), 'energy_efficiency': np.float64(0.6085716939385512), 'output_amount': np.float64(91.31467827213439), 'input_amount': np.float64(99.81969741926915)}
2025-02-09 12:14:21,179 - solitek_manufacturing - INFO - Quality analysis completed: {'avg_defect_rate': np.float64(1.979801438337851), 'efficiency_score': np.float64(20.990697141398446), 'uniformity_score': np.float64(95.01361199173161)}
2025-02-09 12:14:21,179 - solitek_manufacturing - INFO - Sustainability analysis completed: {'carbon_footprint': np.float64(5801.843525687056), 'sustainability_score': np.float64(85.47117586798848), 'material_efficiency': np.float64(89.93879173402055), 'recycling_rate': np.float64(75.04673884724697), 'waste_reduction': np.float64(89.93879173402055)}
2025-02-09 12:14:22,574 - solitek_manufacturing - INFO - AI optimization model trained. Metrics: {'mse': 0.010145136424578663, 'r2': 0.9896677153448643}
2025-02-09 12:14:22,580 - solitek_manufacturing - INFO - Optimized parameters generated:
input_amount: 101.50
energy_used: 150.01
cycle_time: 49.73
efficiency: 20.96
defect_rate: 1.87
thickness_uniformity: 95.09
2025-02-09 12:14:22,953 - solitek_manufacturing - INFO - Visualization saved to /Users/mostafashami/Desktop/PV_Project/CIRCMAN5.0/tests/results/runs/run_20250209_121422/visualizations/production_analysis.png
2025-02-09 12:14:23,337 - solitek_manufacturing - INFO - Visualization saved to /Users/mostafashami/Desktop/PV_Project/CIRCMAN5.0/tests/results/runs/run_20250209_121422/visualizations/energy_analysis.png
2025-02-09 12:14:23,688 - solitek_manufacturing - INFO - Visualization saved to /Users/mostafashami/Desktop/PV_Project/CIRCMAN5.0/tests/results/runs/run_20250209_121422/visualizations/quality_analysis.png
2025-02-09 12:14:23,970 - solitek_manufacturing - INFO - Visualization saved to /Users/mostafashami/Desktop/PV_Project/CIRCMAN5.0/tests/results/runs/run_20250209_121422/visualizations/sustainability_analysis.png
2025-02-09 12:14:24,037 - solitek_manufacturing - INFO - Successfully loaded LCA data
2025-02-09 12:14:24,041 - solitek_manufacturing - INFO - Calculated recycling rates for 5 materials
2025-02-09 12:14:24,046 - solitek_manufacturing - INFO - Calculated recycling rates for 5 materials
2025-02-09 12:14:24,046 - solitek_manufacturing - INFO - Completed lifecycle assessment for batch None
2025-02-09 12:14:24,059 - solitek_manufacturing - INFO - Calculated recycling rates for 5 materials
2025-02-09 12:14:24,060 - solitek_manufacturing - INFO - Completed lifecycle assessment for batch None
2025-02-09 12:14:24,068 - solitek_manufacturing - INFO - LCA report generated successfully at /private/var/folders/2x/21q3ps_j25scps452y208t_h0000gn/T/pytest-of-mostafashami/pytest-18/test_lca_report_generation0/lca_report.xlsx
2025-02-09 12:14:24,090 - solitek_manufacturing - INFO - Calculated recycling rates for 5 materials
2025-02-09 12:14:24,090 - solitek_manufacturing - INFO - Completed lifecycle assessment for batch BATCH_0055
2025-02-09 12:14:24,880 - solitek_manufacturing - INFO - Quality analysis completed: {'avg_defect_rate': np.float64(1.9170757948153612), 'efficiency_score': np.float64(21.03368127301986), 'uniformity_score': np.float64(95.08313962137238)}
2025-02-09 12:14:24,887 - solitek_manufacturing - INFO - Sustainability analysis completed: {'carbon_footprint': np.float64(1208.4886954750114), 'sustainability_score': np.float64(84.76629236413821), 'material_efficiency': np.float64(90.01060985266798), 'recycling_rate': np.float64(72.52955155756875), 'waste_reduction': np.float64(90.01060985266797)}
2025-02-09 12:14:24,894 - solitek_manufacturing - INFO - Efficiency analysis completed: {'yield_rate': np.float64(91.36382552016255), 'cycle_time_efficiency': np.float64(1.8228816287573506), 'energy_efficiency': np.float64(0.60191113679754), 'output_amount': np.float64(90.87436424218758), 'input_amount': np.float64(99.46427234719177)}
2025-02-09 12:14:25,270 - solitek_manufacturing - INFO - Visualization saved to /private/var/folders/2x/21q3ps_j25scps452y208t_h0000gn/T/pytest-of-mostafashami/pytest-18/test_visualization_generation0/test_visualization.png
2025-02-09 12:14:25,287 - solitek_manufacturing - ERROR - Error generating visualization: Unknown metric type: invalid_metric
2025-02-09 12:14:25,287 - solitek_manufacturing - INFO - Loading production data from /nonexistent/path/data.csv
2025-02-09 12:14:25,287 - solitek_manufacturing - ERROR - Error loading production data: Production data file not found: /nonexistent/path/data.csv
2025-02-09 12:14:25,295 - solitek_manufacturing - INFO - Efficiency analysis completed: {'yield_rate': np.float64(91.67058125104693), 'cycle_time_efficiency': np.float64(1.8326539589301223), 'energy_efficiency': np.float64(0.6118297529602886), 'output_amount': np.float64(91.42263967086609), 'input_amount': np.float64(99.72952982647527)}
2025-02-09 12:14:25,296 - solitek_manufacturing - INFO - Quality analysis completed: {'avg_defect_rate': np.float64(2.01856000030912), 'efficiency_score': np.float64(20.936891869916785), 'uniformity_score': np.float64(94.99962435042417)}
2025-02-09 12:14:25,296 - solitek_manufacturing - INFO - Sustainability analysis completed: {'carbon_footprint': np.float64(886.4605680229741), 'sustainability_score': np.float64(85.33848381735451), 'material_efficiency': np.float64(89.86846072276181), 'recycling_rate': np.float64(74.7685377047375), 'waste_reduction': np.float64(89.86846072276182)}
2025-02-09 12:14:25,301 - solitek_manufacturing - INFO - Analysis report exported to: /private/var/folders/2x/21q3ps_j25scps452y208t_h0000gn/T/pytest-of-mostafashami/pytest-18/test_report_generation0/analysis_report.xlsx
2025-02-09 12:14:25,312 - solitek_manufacturing - INFO - Loading production data from /private/var/folders/2x/21q3ps_j25scps452y208t_h0000gn/T/pytest-of-mostafashami/pytest-18/test_valid_production_data_loa0/test_production_data.csv
2025-02-09 12:14:25,314 - solitek_manufacturing - INFO - Successfully loaded 2 records
2025-02-09 12:14:25,315 - solitek_manufacturing - INFO - Loading production data from nonexistent_file.csv
2025-02-09 12:14:25,315 - solitek_manufacturing - ERROR - Error loading production data: Production data file not found: nonexistent_file.csv
2025-02-09 12:14:25,317 - solitek_manufacturing - INFO - Loading production data from test_invalid_data.csv
2025-02-09 12:14:25,318 - solitek_manufacturing - ERROR - Error loading production data: Output amount cannot significantly exceed input amount
2025-02-09 12:14:25,325 - solitek_manufacturing - WARNING - No production data available for efficiency analysis
2025-02-09 12:14:25,325 - solitek_manufacturing - WARNING - No quality data available for analysis
2025-02-09 12:14:25,325 - solitek_manufacturing - WARNING - Insufficient data for sustainability calculation
2025-02-09 12:14:25,328 - solitek_manufacturing - INFO - Analysis report exported to: /Users/mostafashami/Desktop/PV_Project/CIRCMAN5.0/tests/results/runs/run_20250209_121425/reports/analysis_report.xlsx
2025-02-09 12:14:25,330 - solitek_manufacturing - INFO - Loading production data from /Users/mostafashami/Desktop/PV_Project/CIRCMAN5.0/data/synthetic/test_production_data.csv
2025-02-09 12:14:25,331 - solitek_manufacturing - INFO - Successfully loaded 5 records
