2025-02-12 13:13:48,473 - efficiency_analyzer - DEBUG - Logger initialized. Log file: /Users/mostafashami/Desktop/PV_Project/CIRCMAN5.0/logs/efficiency_analyzer_20250212_131348.log
2025-02-12 13:13:48,474 - efficiency_analyzer - INFO - Efficiency analysis completed: {'yield_rate': 89.34283045543627, 'output_amount': 88.40102655797732, 'input_amount': 98.9458539732198, 'cycle_time_efficiency': 1.7392326622751881, 'energy_efficiency': 0.5935259377050752}
2025-02-12 13:13:48,478 - efficiency_analyzer - ERROR - Error in efficiency analysis: Input amounts must be positive
2025-02-12 13:13:48,482 - efficiency_analyzer - INFO - Efficiency analysis completed: {'yield_rate': 90.0, 'output_amount': 90.0, 'input_amount': 100.0}
2025-02-12 13:13:48,486 - efficiency_analyzer - INFO - Efficiency analysis completed: {'yield_rate': 91.80288687321625, 'output_amount': 93.03460502556099, 'input_amount': 101.34169871372977, 'cycle_time_efficiency': 1.8950209410001955, 'energy_efficiency': 0.6251070317940765}
2025-02-12 13:13:48,742 - efficiency_analyzer - INFO - Efficiency trends plot generated successfully
2025-02-12 13:13:48,744 - efficiency_analyzer - INFO - Efficiency analysis completed: {'yield_rate': 85.69717268932787, 'output_amount': 86.00823948708978, 'input_amount': 100.36298373446881, 'cycle_time_efficiency': 1.7182732224105237, 'energy_efficiency': 0.5893134401470617}
2025-02-12 13:13:48,744 - efficiency_analyzer - INFO - Efficiency analysis completed: {'yield_rate': 81.10206817695375, 'output_amount': 82.96381839227008, 'input_amount': 102.29556441304831, 'cycle_time_efficiency': 1.662793827887438, 'energy_efficiency': 0.5502665484979764}
2025-02-12 13:13:48,745 - efficiency_analyzer - INFO - Efficiency analysis completed: {'yield_rate': 88.8671230709334, 'output_amount': 90.60669105034266, 'input_amount': 101.95749329931694, 'cycle_time_efficiency': 1.8078585597417025, 'energy_efficiency': 0.5672286230278688}
2025-02-12 13:13:48,745 - efficiency_analyzer - INFO - Efficiency analysis completed: {'yield_rate': 86.17161637304807, 'output_amount': 93.05527375510816, 'input_amount': 107.98831178036612, 'cycle_time_efficiency': 1.9265829025099785, 'energy_efficiency': 0.620939537665085}
2025-02-12 13:13:48,745 - efficiency_analyzer - INFO - Efficiency analysis completed: {'yield_rate': 81.88352938934372, 'output_amount': 81.03552373800721, 'input_amount': 98.9643757936906, 'cycle_time_efficiency': 1.5227846462057746, 'energy_efficiency': 0.5387220846121432}
2025-02-12 13:13:48,745 - efficiency_analyzer - INFO - Efficiency analysis completed: {'yield_rate': 96.97464599420111, 'output_amount': 97.5507332016044, 'input_amount': 100.59405961372391, 'cycle_time_efficiency': 2.1648670947891913, 'energy_efficiency': 0.6151044022859611}
2025-02-12 13:13:48,745 - efficiency_analyzer - INFO - Efficiency analysis completed: {'yield_rate': 82.1094007719762, 'output_amount': 89.57404734229956, 'input_amount': 109.09109858328308, 'cycle_time_efficiency': 1.8199322570329586, 'energy_efficiency': 0.5647462606857404}
2025-02-12 13:13:48,745 - efficiency_analyzer - INFO - Efficiency analysis completed: {'yield_rate': 94.88280834530543, 'output_amount': 98.68290932026258, 'input_amount': 104.00504690072779, 'cycle_time_efficiency': 1.8304891360742697, 'energy_efficiency': 0.6592310700225209}
2025-02-12 13:13:48,746 - efficiency_analyzer - INFO - Efficiency analysis completed: {'yield_rate': 92.1674823621554, 'output_amount': 91.72975088848247, 'input_amount': 99.52506951209436, 'cycle_time_efficiency': 1.9195739172105866, 'energy_efficiency': 0.6286235860470013}
2025-02-12 13:13:48,746 - efficiency_analyzer - INFO - Efficiency analysis completed: {'yield_rate': 97.20142001827011, 'output_amount': 89.25375861121061, 'input_amount': 91.82351306640824, 'cycle_time_efficiency': 1.724907786470297, 'energy_efficiency': 0.6345810687478312}
2025-02-12 13:13:49,009 - efficiency_analyzer - INFO - Efficiency trends plot generated successfully
2025-02-12 13:13:49,010 - efficiency_analyzer - WARNING - No efficiency data to plot
2025-02-12 13:13:49,263 - efficiency_analyzer - INFO - Efficiency trends plot generated successfully
2025-02-12 13:13:49,478 - efficiency_analyzer - INFO - Efficiency trends plot generated successfully
