2025-02-12 10:46:15,543 - efficiency_analyzer - DEBUG - Logger initialized. Log file: /Users/mostafashami/Desktop/PV_Project/CIRCMAN5.0/logs/efficiency_analyzer_20250212_104615.log
2025-02-12 10:46:15,544 - efficiency_analyzer - INFO - Efficiency analysis completed: {'yield_rate': 88.72500315289113, 'output_amount': 90.85332571939357, 'input_amount': 102.39878556311224, 'cycle_time_efficiency': 1.828838500698643, 'energy_efficiency': 0.6034074020518438}
2025-02-12 10:46:15,548 - efficiency_analyzer - ERROR - Error in efficiency analysis: Input amounts must be positive
2025-02-12 10:46:15,551 - efficiency_analyzer - INFO - Efficiency analysis completed: {'yield_rate': 90.0, 'output_amount': 90.0, 'input_amount': 100.0}
2025-02-12 10:46:15,554 - efficiency_analyzer - INFO - Efficiency analysis completed: {'yield_rate': 89.52955755609928, 'output_amount': 89.90609257786157, 'input_amount': 100.42057062722147, 'cycle_time_efficiency': 1.7922650332556465, 'energy_efficiency': 0.6002939669123809}
2025-02-12 10:46:15,821 - efficiency_analyzer - INFO - Efficiency trends plot generated successfully
2025-02-12 10:46:15,824 - efficiency_analyzer - INFO - Efficiency analysis completed: {'yield_rate': 91.48459792357517, 'output_amount': 95.0927999911422, 'input_amount': 103.94405413529965, 'cycle_time_efficiency': 1.8764673238106488, 'energy_efficiency': 0.6331700950223089}
2025-02-12 10:46:15,824 - efficiency_analyzer - INFO - Efficiency analysis completed: {'yield_rate': 91.34653404690164, 'output_amount': 89.47027264226315, 'input_amount': 97.94599606409245, 'cycle_time_efficiency': 1.8419568162146336, 'energy_efficiency': 0.5674035664558855}
2025-02-12 10:46:15,824 - efficiency_analyzer - INFO - Efficiency analysis completed: {'yield_rate': 96.52768641560638, 'output_amount': 96.15190188120256, 'input_amount': 99.61069766783194, 'cycle_time_efficiency': 2.1030827115834483, 'energy_efficiency': 0.6534288015035998}
2025-02-12 10:46:15,825 - efficiency_analyzer - INFO - Efficiency analysis completed: {'yield_rate': 83.77033522547302, 'output_amount': 90.47901182274472, 'input_amount': 108.00841560346498, 'cycle_time_efficiency': 1.7364828617307202, 'energy_efficiency': 0.6085190679984845}
2025-02-12 10:46:15,825 - efficiency_analyzer - INFO - Efficiency analysis completed: {'yield_rate': 88.29574852182762, 'output_amount': 83.98738005845586, 'input_amount': 95.12052557965835, 'cycle_time_efficiency': 1.6955512795461625, 'energy_efficiency': 0.5873859798531775}
2025-02-12 10:46:15,825 - efficiency_analyzer - INFO - Efficiency analysis completed: {'yield_rate': 100.26446181623243, 'output_amount': 97.43972957627707, 'input_amount': 97.18271839414786, 'cycle_time_efficiency': 1.876456240052181, 'energy_efficiency': 0.6462137354148219}
2025-02-12 10:46:15,825 - efficiency_analyzer - INFO - Efficiency analysis completed: {'yield_rate': 90.5598714913497, 'output_amount': 94.69632406292378, 'input_amount': 104.56764403863934, 'cycle_time_efficiency': 1.9371115367245353, 'energy_efficiency': 0.6178658579633233}
2025-02-12 10:46:15,825 - efficiency_analyzer - INFO - Efficiency analysis completed: {'yield_rate': 87.34377599053761, 'output_amount': 89.5037009227476, 'input_amount': 102.47290079655359, 'cycle_time_efficiency': 1.7739534215135224, 'energy_efficiency': 0.6162557814930731}
2025-02-12 10:46:15,826 - efficiency_analyzer - INFO - Efficiency analysis completed: {'yield_rate': 92.21693809671679, 'output_amount': 96.90288545003754, 'input_amount': 105.08143888751343, 'cycle_time_efficiency': 1.954881642072325, 'energy_efficiency': 0.6567195755713653}
2025-02-12 10:46:15,826 - efficiency_analyzer - INFO - Efficiency analysis completed: {'yield_rate': 85.75863007690107, 'output_amount': 87.88741518900136, 'input_amount': 102.48229841147344, 'cycle_time_efficiency': 1.9118761958102486, 'energy_efficiency': 0.6206288460001194}
2025-02-12 10:46:16,085 - efficiency_analyzer - INFO - Efficiency trends plot generated successfully
2025-02-12 10:46:16,085 - efficiency_analyzer - WARNING - No efficiency data to plot
2025-02-12 10:46:16,341 - efficiency_analyzer - INFO - Efficiency trends plot generated successfully
2025-02-12 10:46:16,565 - efficiency_analyzer - INFO - Efficiency trends plot generated successfully
