2025-02-12 10:51:03,014 - efficiency_analyzer - DEBUG - Logger initialized. Log file: /Users/mostafashami/Desktop/PV_Project/CIRCMAN5.0/logs/efficiency_analyzer_20250212_105103.log
2025-02-12 10:51:03,015 - efficiency_analyzer - INFO - Efficiency analysis completed: {'yield_rate': 91.51498733873747, 'output_amount': 89.43586455879027, 'input_amount': 97.7281067938616, 'cycle_time_efficiency': 1.7783636410306327, 'energy_efficiency': 0.6001741169076499}
2025-02-12 10:51:03,019 - efficiency_analyzer - ERROR - Error in efficiency analysis: Input amounts must be positive
2025-02-12 10:51:03,023 - efficiency_analyzer - INFO - Efficiency analysis completed: {'yield_rate': 90.0, 'output_amount': 90.0, 'input_amount': 100.0}
2025-02-12 10:51:03,027 - efficiency_analyzer - INFO - Efficiency analysis completed: {'yield_rate': 83.67178392287354, 'output_amount': 87.52273054424646, 'input_amount': 104.60244354885826, 'cycle_time_efficiency': 1.725593746535653, 'energy_efficiency': 0.5892002270934692}
2025-02-12 10:51:03,345 - efficiency_analyzer - INFO - Efficiency trends plot generated successfully
2025-02-12 10:51:03,348 - efficiency_analyzer - INFO - Efficiency analysis completed: {'yield_rate': 79.39390003036982, 'output_amount': 82.72575031579436, 'input_amount': 104.19660740201707, 'cycle_time_efficiency': 1.7187305871607141, 'energy_efficiency': 0.570868584919156}
2025-02-12 10:51:03,349 - efficiency_analyzer - INFO - Efficiency analysis completed: {'yield_rate': 98.23723684333396, 'output_amount': 98.05951551385039, 'input_amount': 99.81908964951141, 'cycle_time_efficiency': 1.9461937858051246, 'energy_efficiency': 0.6471257563579854}
2025-02-12 10:51:03,349 - efficiency_analyzer - INFO - Efficiency analysis completed: {'yield_rate': 82.17967066865451, 'output_amount': 87.47157306219022, 'input_amount': 106.43943003236467, 'cycle_time_efficiency': 1.7835144753901604, 'energy_efficiency': 0.5917694217017431}
2025-02-12 10:51:03,349 - efficiency_analyzer - INFO - Efficiency analysis completed: {'yield_rate': 95.48312958775, 'output_amount': 91.83345330001362, 'input_amount': 96.17767420957615, 'cycle_time_efficiency': 1.725427484086979, 'energy_efficiency': 0.6048400278349413}
2025-02-12 10:51:03,349 - efficiency_analyzer - INFO - Efficiency analysis completed: {'yield_rate': 89.53907859649763, 'output_amount': 96.26632803109926, 'input_amount': 107.51319930922851, 'cycle_time_efficiency': 1.851245495511797, 'energy_efficiency': 0.6268265333971001}
2025-02-12 10:51:03,350 - efficiency_analyzer - INFO - Efficiency analysis completed: {'yield_rate': 83.733051922582, 'output_amount': 91.04885812462982, 'input_amount': 108.7370590633814, 'cycle_time_efficiency': 1.9888256432957547, 'energy_efficiency': 0.5814218618119551}
2025-02-12 10:51:03,350 - efficiency_analyzer - INFO - Efficiency analysis completed: {'yield_rate': 85.8409499840449, 'output_amount': 94.00914512590606, 'input_amount': 109.5154994712656, 'cycle_time_efficiency': 1.9885191693392532, 'energy_efficiency': 0.601194062553664}
2025-02-12 10:51:03,350 - efficiency_analyzer - INFO - Efficiency analysis completed: {'yield_rate': 87.960419806282, 'output_amount': 90.49998865062474, 'input_amount': 102.88717226445226, 'cycle_time_efficiency': 1.98476157455467, 'energy_efficiency': 0.6228717370393159}
2025-02-12 10:51:03,350 - efficiency_analyzer - INFO - Efficiency analysis completed: {'yield_rate': 82.56314942131749, 'output_amount': 86.34252277136865, 'input_amount': 104.57755472815737, 'cycle_time_efficiency': 1.9138319558029284, 'energy_efficiency': 0.590335479661446}
2025-02-12 10:51:03,350 - efficiency_analyzer - INFO - Efficiency analysis completed: {'yield_rate': 102.03789363959339, 'output_amount': 93.29089118556777, 'input_amount': 91.42769206416513, 'cycle_time_efficiency': 1.8277338578733666, 'energy_efficiency': 0.6520403754589246}
2025-02-12 10:51:03,622 - efficiency_analyzer - INFO - Efficiency trends plot generated successfully
2025-02-12 10:51:03,622 - efficiency_analyzer - WARNING - No efficiency data to plot
2025-02-12 10:51:03,890 - efficiency_analyzer - INFO - Efficiency trends plot generated successfully
2025-02-12 10:51:04,122 - efficiency_analyzer - INFO - Efficiency trends plot generated successfully
