2025-02-12 11:40:49,654 - efficiency_analyzer - DEBUG - Logger initialized. Log file: /Users/mostafashami/Desktop/PV_Project/CIRCMAN5.0/logs/efficiency_analyzer_20250212_114049.log
2025-02-12 11:40:49,655 - efficiency_analyzer - INFO - Efficiency analysis completed: {'yield_rate': 90.08090772691494, 'output_amount': 90.6601680672012, 'input_amount': 100.64304451953606, 'cycle_time_efficiency': 1.7964549660701474, 'energy_efficiency': 0.6099684665309079}
2025-02-12 11:40:49,660 - efficiency_analyzer - ERROR - Error in efficiency analysis: Input amounts must be positive
2025-02-12 11:40:49,664 - efficiency_analyzer - INFO - Efficiency analysis completed: {'yield_rate': 90.0, 'output_amount': 90.0, 'input_amount': 100.0}
2025-02-12 11:40:49,667 - efficiency_analyzer - INFO - Efficiency analysis completed: {'yield_rate': 92.51437382222973, 'output_amount': 91.86478510207024, 'input_amount': 99.29785103295657, 'cycle_time_efficiency': 1.8337756612166742, 'energy_efficiency': 0.6219639812759596}
2025-02-12 11:40:49,929 - efficiency_analyzer - INFO - Efficiency trends plot generated successfully
2025-02-12 11:40:49,932 - efficiency_analyzer - INFO - Efficiency analysis completed: {'yield_rate': 85.21219233548625, 'output_amount': 87.43694018584863, 'input_amount': 102.6108327803648, 'cycle_time_efficiency': 1.8676599173097712, 'energy_efficiency': 0.5577191699371029}
2025-02-12 11:40:49,932 - efficiency_analyzer - INFO - Efficiency analysis completed: {'yield_rate': 99.80973941749282, 'output_amount': 94.99494422193858, 'input_amount': 95.17602668471612, 'cycle_time_efficiency': 1.9716355758084532, 'energy_efficiency': 0.6735048644120789}
2025-02-12 11:40:49,932 - efficiency_analyzer - INFO - Efficiency analysis completed: {'yield_rate': 94.37750868975883, 'output_amount': 98.09514690415436, 'input_amount': 103.93911458991388, 'cycle_time_efficiency': 1.987130188563743, 'energy_efficiency': 0.6161675828727791}
2025-02-12 11:40:49,932 - efficiency_analyzer - INFO - Efficiency analysis completed: {'yield_rate': 82.42495658934152, 'output_amount': 84.06225096285677, 'input_amount': 101.98640610958715, 'cycle_time_efficiency': 1.7467441707047766, 'energy_efficiency': 0.5531550875336191}
2025-02-12 11:40:49,933 - efficiency_analyzer - INFO - Efficiency analysis completed: {'yield_rate': 84.34242580594467, 'output_amount': 84.9787233339292, 'input_amount': 100.75442165897448, 'cycle_time_efficiency': 1.5981444868724135, 'energy_efficiency': 0.571431112270029}
2025-02-12 11:40:49,933 - efficiency_analyzer - INFO - Efficiency analysis completed: {'yield_rate': 95.84804400733702, 'output_amount': 98.33659924824659, 'input_amount': 102.59635474743655, 'cycle_time_efficiency': 1.7972947604983258, 'energy_efficiency': 0.6510610761820729}
2025-02-12 11:40:49,933 - efficiency_analyzer - INFO - Efficiency analysis completed: {'yield_rate': 89.93940071235109, 'output_amount': 93.29468436962686, 'input_amount': 103.73060486360902, 'cycle_time_efficiency': 1.8220650066379973, 'energy_efficiency': 0.6043718731749705}
2025-02-12 11:40:49,933 - efficiency_analyzer - INFO - Efficiency analysis completed: {'yield_rate': 92.94627915707167, 'output_amount': 97.16116982455866, 'input_amount': 104.53475997717365, 'cycle_time_efficiency': 1.8791078189937565, 'energy_efficiency': 0.6851670027665695}
2025-02-12 11:40:49,933 - efficiency_analyzer - INFO - Efficiency analysis completed: {'yield_rate': 80.35192960394015, 'output_amount': 82.92964729197148, 'input_amount': 103.20803458079608, 'cycle_time_efficiency': 1.7090558216904874, 'energy_efficiency': 0.5534729088404671}
2025-02-12 11:40:49,934 - efficiency_analyzer - INFO - Efficiency analysis completed: {'yield_rate': 82.31453254777699, 'output_amount': 85.83983294079387, 'input_amount': 104.28271932537638, 'cycle_time_efficiency': 1.6560355912700793, 'energy_efficiency': 0.5539438392371798}
2025-02-12 11:40:50,211 - efficiency_analyzer - INFO - Efficiency trends plot generated successfully
2025-02-12 11:40:50,211 - efficiency_analyzer - WARNING - No efficiency data to plot
2025-02-12 11:40:50,499 - efficiency_analyzer - INFO - Efficiency trends plot generated successfully
2025-02-12 11:40:50,720 - efficiency_analyzer - INFO - Efficiency trends plot generated successfully
