2025-02-12 11:40:29,979 - efficiency_analyzer - DEBUG - Logger initialized. Log file: /Users/mostafashami/Desktop/PV_Project/CIRCMAN5.0/logs/efficiency_analyzer_20250212_114029.log
2025-02-12 11:40:29,980 - efficiency_analyzer - INFO - Efficiency analysis completed: {'yield_rate': 90.70341751575637, 'output_amount': 88.95805721993915, 'input_amount': 98.0757502378408, 'cycle_time_efficiency': 1.7565688263991366, 'energy_efficiency': 0.5922437722150916}
2025-02-12 11:40:29,984 - efficiency_analyzer - ERROR - Error in efficiency analysis: Input amounts must be positive
2025-02-12 11:40:29,988 - efficiency_analyzer - INFO - Efficiency analysis completed: {'yield_rate': 90.0, 'output_amount': 90.0, 'input_amount': 100.0}
2025-02-12 11:40:29,992 - efficiency_analyzer - INFO - Efficiency analysis completed: {'yield_rate': 90.66614158973, 'output_amount': 90.74053903343973, 'input_amount': 100.08205647930447, 'cycle_time_efficiency': 1.7953753891514566, 'energy_efficiency': 0.6008176351100898}
2025-02-12 11:40:30,248 - efficiency_analyzer - INFO - Efficiency trends plot generated successfully
2025-02-12 11:40:30,250 - efficiency_analyzer - INFO - Efficiency analysis completed: {'yield_rate': 105.78077311990035, 'output_amount': 95.79354738842548, 'input_amount': 90.55856235787334, 'cycle_time_efficiency': 1.9157890280470973, 'energy_efficiency': 0.6326736876886881}
2025-02-12 11:40:30,250 - efficiency_analyzer - INFO - Efficiency analysis completed: {'yield_rate': 85.92758104183056, 'output_amount': 83.2928544708951, 'input_amount': 96.93378244913836, 'cycle_time_efficiency': 1.692776270255933, 'energy_efficiency': 0.5471012381744301}
2025-02-12 11:40:30,250 - efficiency_analyzer - INFO - Efficiency analysis completed: {'yield_rate': 82.32374179403323, 'output_amount': 80.1662580538371, 'input_amount': 97.3792690988294, 'cycle_time_efficiency': 1.5426709448382847, 'energy_efficiency': 0.5106770674574902}
2025-02-12 11:40:30,251 - efficiency_analyzer - INFO - Efficiency analysis completed: {'yield_rate': 81.06851351125161, 'output_amount': 88.55173377164277, 'input_amount': 109.23073575211487, 'cycle_time_efficiency': 1.857991119707149, 'energy_efficiency': 0.5995411187306874}
2025-02-12 11:40:30,251 - efficiency_analyzer - INFO - Efficiency analysis completed: {'yield_rate': 80.9542490850524, 'output_amount': 81.01310586520493, 'input_amount': 100.07270375652635, 'cycle_time_efficiency': 1.6324359728465128, 'energy_efficiency': 0.5783056530194269}
2025-02-12 11:40:30,251 - efficiency_analyzer - INFO - Efficiency analysis completed: {'yield_rate': 77.88539771638902, 'output_amount': 84.70968848058577, 'input_amount': 108.76196432744254, 'cycle_time_efficiency': 1.5481596175427745, 'energy_efficiency': 0.5361641529530154}
2025-02-12 11:40:30,251 - efficiency_analyzer - INFO - Efficiency analysis completed: {'yield_rate': 89.35292086596147, 'output_amount': 88.07786175476232, 'input_amount': 98.57300791194966, 'cycle_time_efficiency': 1.822109256961557, 'energy_efficiency': 0.5743024338630427}
2025-02-12 11:40:30,251 - efficiency_analyzer - INFO - Efficiency analysis completed: {'yield_rate': 77.01169458438177, 'output_amount': 82.69666030385395, 'input_amount': 107.38195120903768, 'cycle_time_efficiency': 1.538872325311445, 'energy_efficiency': 0.525371350472619}
2025-02-12 11:40:30,252 - efficiency_analyzer - INFO - Efficiency analysis completed: {'yield_rate': 94.00158863514821, 'output_amount': 89.09061975754884, 'input_amount': 94.77565331724286, 'cycle_time_efficiency': 1.9220473923031032, 'energy_efficiency': 0.588712249242414}
2025-02-12 11:40:30,252 - efficiency_analyzer - INFO - Efficiency analysis completed: {'yield_rate': 108.36878874880034, 'output_amount': 98.04221661261458, 'input_amount': 90.47089825824037, 'cycle_time_efficiency': 1.825572799053132, 'energy_efficiency': 0.6261109887806581}
2025-02-12 11:40:30,497 - efficiency_analyzer - INFO - Efficiency trends plot generated successfully
2025-02-12 11:40:30,497 - efficiency_analyzer - WARNING - No efficiency data to plot
2025-02-12 11:40:30,743 - efficiency_analyzer - INFO - Efficiency trends plot generated successfully
2025-02-12 11:40:30,956 - efficiency_analyzer - INFO - Efficiency trends plot generated successfully
