2025-02-12 10:49:16,802 - efficiency_analyzer - DEBUG - Logger initialized. Log file: /Users/mostafashami/Desktop/PV_Project/CIRCMAN5.0/logs/efficiency_analyzer_20250212_104916.log
2025-02-12 10:49:16,802 - efficiency_analyzer - INFO - Efficiency analysis completed: {'yield_rate': 90.87292809858938, 'output_amount': 91.67261702786664, 'input_amount': 100.88000788134576, 'cycle_time_efficiency': 1.817630057370595, 'energy_efficiency': 0.6155062717805013}
2025-02-12 10:49:16,806 - efficiency_analyzer - ERROR - Error in efficiency analysis: Input amounts must be positive
2025-02-12 10:49:16,809 - efficiency_analyzer - INFO - Efficiency analysis completed: {'yield_rate': 90.0, 'output_amount': 90.0, 'input_amount': 100.0}
2025-02-12 10:49:16,813 - efficiency_analyzer - INFO - Efficiency analysis completed: {'yield_rate': 92.51753696863176, 'output_amount': 92.18724744351822, 'input_amount': 99.64299792673305, 'cycle_time_efficiency': 1.8280403689621962, 'energy_efficiency': 0.6118467454367833}
2025-02-12 10:49:17,112 - efficiency_analyzer - INFO - Efficiency trends plot generated successfully
2025-02-12 10:49:17,115 - efficiency_analyzer - INFO - Efficiency analysis completed: {'yield_rate': 91.32958908771303, 'output_amount': 92.03172704684069, 'input_amount': 100.7687957059057, 'cycle_time_efficiency': 1.9184660395574833, 'energy_efficiency': 0.6327296676107449}
2025-02-12 10:49:17,115 - efficiency_analyzer - INFO - Efficiency analysis completed: {'yield_rate': 77.25125589885974, 'output_amount': 83.41189497298967, 'input_amount': 107.97480766163294, 'cycle_time_efficiency': 1.5219653196353902, 'energy_efficiency': 0.5451942005993518}
2025-02-12 10:49:17,116 - efficiency_analyzer - INFO - Efficiency analysis completed: {'yield_rate': 87.48600296124202, 'output_amount': 95.50725247498272, 'input_amount': 109.16860896856181, 'cycle_time_efficiency': 1.818601378035728, 'energy_efficiency': 0.6507230164031209}
2025-02-12 10:49:17,116 - efficiency_analyzer - INFO - Efficiency analysis completed: {'yield_rate': 86.26957272479878, 'output_amount': 80.78776274751218, 'input_amount': 93.64572026481034, 'cycle_time_efficiency': 1.5300433711306223, 'energy_efficiency': 0.5529372461295703}
2025-02-12 10:49:17,116 - efficiency_analyzer - INFO - Efficiency analysis completed: {'yield_rate': 98.14879334032676, 'output_amount': 88.88672197596254, 'input_amount': 90.56323460620817, 'cycle_time_efficiency': 1.7500378760141195, 'energy_efficiency': 0.555855545359385}
2025-02-12 10:49:17,116 - efficiency_analyzer - INFO - Efficiency analysis completed: {'yield_rate': 80.21331187423996, 'output_amount': 86.75337084573923, 'input_amount': 108.1533336782714, 'cycle_time_efficiency': 1.8058667301085087, 'energy_efficiency': 0.5701370606099649}
2025-02-12 10:49:17,116 - efficiency_analyzer - INFO - Efficiency analysis completed: {'yield_rate': 84.39974079170436, 'output_amount': 83.03518990756892, 'input_amount': 98.38322858419305, 'cycle_time_efficiency': 1.6252905399158906, 'energy_efficiency': 0.5333245526945766}
2025-02-12 10:49:17,117 - efficiency_analyzer - INFO - Efficiency analysis completed: {'yield_rate': 97.44864316777719, 'output_amount': 99.467275214749, 'input_amount': 102.07148296923573, 'cycle_time_efficiency': 1.933102173713959, 'energy_efficiency': 0.7086445321126627}
2025-02-12 10:49:17,117 - efficiency_analyzer - INFO - Efficiency analysis completed: {'yield_rate': 92.11322729865476, 'output_amount': 82.97396864619822, 'input_amount': 90.07823423358654, 'cycle_time_efficiency': 1.7617687984797348, 'energy_efficiency': 0.558264854847187}
2025-02-12 10:49:17,117 - efficiency_analyzer - INFO - Efficiency analysis completed: {'yield_rate': 82.61933400859061, 'output_amount': 82.00709510942951, 'input_amount': 99.2589641316917, 'cycle_time_efficiency': 1.7207629020120339, 'energy_efficiency': 0.5821669667787563}
2025-02-12 10:49:17,368 - efficiency_analyzer - INFO - Efficiency trends plot generated successfully
2025-02-12 10:49:17,368 - efficiency_analyzer - WARNING - No efficiency data to plot
2025-02-12 10:49:17,625 - efficiency_analyzer - INFO - Efficiency trends plot generated successfully
2025-02-12 10:49:17,845 - efficiency_analyzer - INFO - Efficiency trends plot generated successfully
