2025-02-11 23:28:33,372 - solitek_manufacturing - DEBUG - Logger initialized. Log file: /Users/mostafashami/Desktop/PV_Project/CIRCMAN5.0/logs/solitek_manufacturing_20250211_232833.log
2025-02-11 23:28:33,443 - solitek_manufacturing - INFO - AI optimization model trained. Metrics: {'mse': 0.18335774513352637, 'r2': 0.8266019290143763}
2025-02-11 23:28:33,448 - solitek_manufacturing - INFO - Optimized parameters generated:
input_amount: 101.54
energy_used: 150.43
cycle_time: 49.83
efficiency: 20.99
defect_rate: 1.96
thickness_uniformity: 95.04
2025-02-11 23:28:33,451 - solitek_manufacturing - INFO - Manufacturing predictions:
Predicted Output: 89.18
Predicted Quality: 80.26
2025-02-11 23:28:33,516 - solitek_manufacturing - INFO - Comprehensive report generated at: /Users/mostafashami/Desktop/PV_Project/CIRCMAN5.0/tests/results/runs/run_20250211_232833/reports/manufacturing_analysis.xlsx
2025-02-11 23:28:34,999 - solitek_manufacturing - INFO - Optimization potential analysis:
input_amount: 1.6%
energy_used: -0.4%
cycle_time: -1.1%
efficiency: 0.3%
defect_rate: -3.9%
thickness_uniformity: 0.0%
