2025-02-13 17:06:20,123 - solitek_manufacturing - DEBUG - Logger initialized. Log file: /Users/mostafashami/Desktop/PV_Project/CIRCMAN5.0/logs/solitek_manufacturing_20250213_170620.log
2025-02-13 17:06:20,185 - solitek_manufacturing - INFO - AI optimization model trained. Metrics: {'mse': 0.35890851464861406, 'r2': 0.7210529430901196}
2025-02-13 17:06:20,190 - solitek_manufacturing - INFO - Optimized parameters generated:
input_amount: 100.96
energy_used: 150.97
cycle_time: 50.14
efficiency: 20.93
defect_rate: 2.01
thickness_uniformity: 95.15
2025-02-13 17:06:20,193 - solitek_manufacturing - INFO - Manufacturing predictions:
Predicted Output: 91.27
Predicted Quality: 82.14
2025-02-13 17:06:20,200 - solitek_manufacturing - INFO - Comprehensive report generated at: /Users/mostafashami/Desktop/PV_Project/CIRCMAN5.0/tests/results/runs/run_20250213_170620/reports/manufacturing_analysis.xlsx
2025-02-13 17:06:21,416 - solitek_manufacturing - INFO - Optimization potential analysis:
input_amount: 0.4%
energy_used: 0.5%
cycle_time: 0.5%
efficiency: -0.1%
defect_rate: 1.2%
thickness_uniformity: 0.1%
