2025-02-13 17:34:50,255 - solitek_manufacturing - DEBUG - Logger initialized. Log file: /Users/mostafashami/Desktop/PV_Project/CIRCMAN5.0/logs/solitek_manufacturing_20250213_173450.log
2025-02-13 17:34:50,315 - solitek_manufacturing - INFO - AI optimization model trained. Metrics: {'mse': 0.35789557982542575, 'r2': 0.6103410209794948}
2025-02-13 17:34:50,320 - solitek_manufacturing - INFO - Optimized parameters generated:
input_amount: 100.95
energy_used: 150.80
cycle_time: 50.60
efficiency: 20.96
defect_rate: 2.04
thickness_uniformity: 94.96
2025-02-13 17:34:50,323 - solitek_manufacturing - INFO - Manufacturing predictions:
Predicted Output: 91.87
Predicted Quality: 82.68
2025-02-13 17:34:50,329 - solitek_manufacturing - INFO - Comprehensive report generated at: /Users/mostafashami/Desktop/PV_Project/CIRCMAN5.0/tests/results/runs/run_20250213_173450/reports/manufacturing_analysis.xlsx
2025-02-13 17:34:51,516 - solitek_manufacturing - INFO - Optimization potential analysis:
input_amount: 1.4%
energy_used: -0.2%
cycle_time: -0.3%
efficiency: 0.6%
defect_rate: 2.4%
thickness_uniformity: -0.2%
