2025-02-13 16:11:07,013 - solitek_manufacturing - DEBUG - Logger initialized. Log file: /Users/mostafashami/Desktop/PV_Project/CIRCMAN5.0/logs/solitek_manufacturing_20250213_161107.log
2025-02-13 16:11:07,017 - solitek_manufacturing - DEBUG - Logger initialized. Log file: /Users/mostafashami/Desktop/PV_Project/CIRCMAN5.0/logs/solitek_manufacturing_20250213_161107.log
2025-02-13 16:11:07,020 - solitek_manufacturing - ERROR - Error analyzing efficiency: No production data available for analysis
2025-02-13 16:11:07,020 - solitek_manufacturing - ERROR - Error analyzing quality metrics: No quality data available for analysis
2025-02-13 16:11:07,020 - solitek_manufacturing - ERROR - Error in lifecycle assessment: No material flow data available
2025-02-13 16:11:07,021 - solitek_manufacturing - DEBUG - Logger initialized. Log file: /Users/mostafashami/Desktop/PV_Project/CIRCMAN5.0/logs/solitek_manufacturing_20250213_161107.log
2025-02-13 16:11:07,024 - solitek_manufacturing - DEBUG - Logger initialized. Log file: /Users/mostafashami/Desktop/PV_Project/CIRCMAN5.0/logs/solitek_manufacturing_20250213_161107.log
2025-02-13 16:11:07,028 - solitek_manufacturing - ERROR - Error analyzing efficiency: Input amounts must be positive
2025-02-13 16:11:07,028 - solitek_manufacturing - DEBUG - Logger initialized. Log file: /Users/mostafashami/Desktop/PV_Project/CIRCMAN5.0/logs/solitek_manufacturing_20250213_161107.log
2025-02-13 16:11:07,031 - solitek_manufacturing - DEBUG - Logger initialized. Log file: /Users/mostafashami/Desktop/PV_Project/CIRCMAN5.0/logs/solitek_manufacturing_20250213_161107.log
2025-02-13 16:11:07,034 - solitek_manufacturing - ERROR - Error optimizing process parameters: No data available for training optimization model
2025-02-13 16:11:07,034 - solitek_manufacturing - ERROR - Error predicting batch outcomes: Model must be trained before prediction
2025-02-13 16:11:07,034 - solitek_manufacturing - DEBUG - Logger initialized. Log file: /Users/mostafashami/Desktop/PV_Project/CIRCMAN5.0/logs/solitek_manufacturing_20250213_161107.log
2025-02-13 16:11:07,037 - solitek_manufacturing - DEBUG - Logger initialized. Log file: /Users/mostafashami/Desktop/PV_Project/CIRCMAN5.0/logs/solitek_manufacturing_20250213_161107.log
2025-02-13 16:11:07,535 - solitek_manufacturing - INFO - Generated visualizations in /Users/mostafashami/Desktop/PV_Project/CIRCMAN5.0/tests/results/runs/run_20250213_161107/visualizations
2025-02-13 16:11:07,539 - solitek_manufacturing - INFO - Completed lifecycle assessment for batch BATCH_0019
2025-02-13 16:11:07,539 - solitek_manufacturing - DEBUG - Logger initialized. Log file: /Users/mostafashami/Desktop/PV_Project/CIRCMAN5.0/logs/solitek_manufacturing_20250213_161107.log
2025-02-13 16:11:07,542 - solitek_manufacturing - DEBUG - Logger initialized. Log file: /Users/mostafashami/Desktop/PV_Project/CIRCMAN5.0/logs/solitek_manufacturing_20250213_161107.log
2025-02-13 16:11:09,189 - solitek_manufacturing - INFO - Generated visualizations in /Users/mostafashami/Desktop/PV_Project/CIRCMAN5.0/tests/results/runs/run_20250213_161107/visualizations
2025-02-13 16:11:09,192 - solitek_manufacturing - INFO - Completed lifecycle assessment for batch None
2025-02-13 16:11:10,334 - solitek_manufacturing - INFO - Successfully generated all reports
