2025-02-13 16:49:10,010 - solitek_manufacturing - DEBUG - Logger initialized. Log file: /Users/mostafashami/Desktop/PV_Project/CIRCMAN5.0/logs/solitek_manufacturing_20250213_164910.log
2025-02-13 16:49:10,014 - solitek_manufacturing - DEBUG - Logger initialized. Log file: /Users/mostafashami/Desktop/PV_Project/CIRCMAN5.0/logs/solitek_manufacturing_20250213_164910.log
2025-02-13 16:49:10,017 - solitek_manufacturing - ERROR - Error analyzing efficiency: No production data available for analysis
2025-02-13 16:49:10,017 - solitek_manufacturing - ERROR - Error analyzing quality metrics: No quality data available for analysis
2025-02-13 16:49:10,017 - solitek_manufacturing - ERROR - Error in lifecycle assessment: No material flow data available
2025-02-13 16:49:10,018 - solitek_manufacturing - DEBUG - Logger initialized. Log file: /Users/mostafashami/Desktop/PV_Project/CIRCMAN5.0/logs/solitek_manufacturing_20250213_164910.log
2025-02-13 16:49:10,021 - solitek_manufacturing - DEBUG - Logger initialized. Log file: /Users/mostafashami/Desktop/PV_Project/CIRCMAN5.0/logs/solitek_manufacturing_20250213_164910.log
2025-02-13 16:49:10,024 - solitek_manufacturing - ERROR - Error analyzing efficiency: Input amounts must be positive
2025-02-13 16:49:10,024 - solitek_manufacturing - DEBUG - Logger initialized. Log file: /Users/mostafashami/Desktop/PV_Project/CIRCMAN5.0/logs/solitek_manufacturing_20250213_164910.log
2025-02-13 16:49:10,027 - solitek_manufacturing - DEBUG - Logger initialized. Log file: /Users/mostafashami/Desktop/PV_Project/CIRCMAN5.0/logs/solitek_manufacturing_20250213_164910.log
2025-02-13 16:49:10,030 - solitek_manufacturing - ERROR - Error optimizing process parameters: No data available for training optimization model
2025-02-13 16:49:10,030 - solitek_manufacturing - ERROR - Error predicting batch outcomes: Model must be trained before prediction
2025-02-13 16:49:10,030 - solitek_manufacturing - DEBUG - Logger initialized. Log file: /Users/mostafashami/Desktop/PV_Project/CIRCMAN5.0/logs/solitek_manufacturing_20250213_164910.log
2025-02-13 16:49:10,033 - solitek_manufacturing - DEBUG - Logger initialized. Log file: /Users/mostafashami/Desktop/PV_Project/CIRCMAN5.0/logs/solitek_manufacturing_20250213_164910.log
2025-02-13 16:49:10,342 - solitek_manufacturing - INFO - Generated visualizations in /Users/mostafashami/Desktop/PV_Project/CIRCMAN5.0/tests/results/runs/run_20250213_164910/visualizations
2025-02-13 16:49:10,345 - solitek_manufacturing - INFO - Completed lifecycle assessment for batch BATCH_0049
2025-02-13 16:49:10,346 - solitek_manufacturing - DEBUG - Logger initialized. Log file: /Users/mostafashami/Desktop/PV_Project/CIRCMAN5.0/logs/solitek_manufacturing_20250213_164910.log
2025-02-13 16:49:10,350 - solitek_manufacturing - DEBUG - Logger initialized. Log file: /Users/mostafashami/Desktop/PV_Project/CIRCMAN5.0/logs/solitek_manufacturing_20250213_164910.log
2025-02-13 16:49:12,024 - solitek_manufacturing - INFO - Generated visualizations in /Users/mostafashami/Desktop/PV_Project/CIRCMAN5.0/tests/results/runs/run_20250213_164910/visualizations
2025-02-13 16:49:12,027 - solitek_manufacturing - INFO - Completed lifecycle assessment for batch None
2025-02-13 16:49:13,246 - solitek_manufacturing - INFO - Successfully generated all reports
