2025-02-13 17:40:35,041 - solitek_manufacturing - DEBUG - Logger initialized. Log file: /Users/mostafashami/Desktop/PV_Project/CIRCMAN5.0/logs/solitek_manufacturing_20250213_174035.log
2025-02-13 17:40:35,045 - solitek_manufacturing - DEBUG - Logger initialized. Log file: /Users/mostafashami/Desktop/PV_Project/CIRCMAN5.0/logs/solitek_manufacturing_20250213_174035.log
2025-02-13 17:40:35,049 - solitek_manufacturing - ERROR - Error analyzing efficiency: No production data available for analysis
2025-02-13 17:40:35,049 - solitek_manufacturing - ERROR - Error analyzing quality metrics: No quality data available for analysis
2025-02-13 17:40:35,049 - solitek_manufacturing - ERROR - Error in lifecycle assessment: No material flow data available
2025-02-13 17:40:35,049 - solitek_manufacturing - DEBUG - Logger initialized. Log file: /Users/mostafashami/Desktop/PV_Project/CIRCMAN5.0/logs/solitek_manufacturing_20250213_174035.log
2025-02-13 17:40:35,053 - solitek_manufacturing - DEBUG - Logger initialized. Log file: /Users/mostafashami/Desktop/PV_Project/CIRCMAN5.0/logs/solitek_manufacturing_20250213_174035.log
2025-02-13 17:40:35,056 - solitek_manufacturing - ERROR - Error analyzing efficiency: Input amounts must be positive
2025-02-13 17:40:35,056 - solitek_manufacturing - DEBUG - Logger initialized. Log file: /Users/mostafashami/Desktop/PV_Project/CIRCMAN5.0/logs/solitek_manufacturing_20250213_174035.log
2025-02-13 17:40:35,059 - solitek_manufacturing - DEBUG - Logger initialized. Log file: /Users/mostafashami/Desktop/PV_Project/CIRCMAN5.0/logs/solitek_manufacturing_20250213_174035.log
2025-02-13 17:40:35,062 - solitek_manufacturing - ERROR - Error optimizing process parameters: No data available for training optimization model
2025-02-13 17:40:35,062 - solitek_manufacturing - ERROR - Error predicting batch outcomes: Model must be trained before prediction
2025-02-13 17:40:35,062 - solitek_manufacturing - DEBUG - Logger initialized. Log file: /Users/mostafashami/Desktop/PV_Project/CIRCMAN5.0/logs/solitek_manufacturing_20250213_174035.log
2025-02-13 17:40:35,065 - solitek_manufacturing - DEBUG - Logger initialized. Log file: /Users/mostafashami/Desktop/PV_Project/CIRCMAN5.0/logs/solitek_manufacturing_20250213_174035.log
2025-02-13 17:40:35,514 - solitek_manufacturing - INFO - Generated visualizations in /Users/mostafashami/Desktop/PV_Project/CIRCMAN5.0/tests/results/runs/run_20250213_174035/visualizations
2025-02-13 17:40:35,517 - solitek_manufacturing - INFO - Completed lifecycle assessment for batch BATCH_0059
2025-02-13 17:40:35,518 - solitek_manufacturing - DEBUG - Logger initialized. Log file: /Users/mostafashami/Desktop/PV_Project/CIRCMAN5.0/logs/solitek_manufacturing_20250213_174035.log
2025-02-13 17:40:35,521 - solitek_manufacturing - DEBUG - Logger initialized. Log file: /Users/mostafashami/Desktop/PV_Project/CIRCMAN5.0/logs/solitek_manufacturing_20250213_174035.log
2025-02-13 17:40:37,202 - solitek_manufacturing - INFO - Generated visualizations in /Users/mostafashami/Desktop/PV_Project/CIRCMAN5.0/tests/results/runs/run_20250213_174035/visualizations
2025-02-13 17:40:37,205 - solitek_manufacturing - INFO - Completed lifecycle assessment for batch None
2025-02-13 17:40:38,433 - solitek_manufacturing - INFO - Successfully generated all reports
