2025-02-13 17:21:36,064 - solitek_manufacturing - DEBUG - Logger initialized. Log file: /Users/mostafashami/Desktop/PV_Project/CIRCMAN5.0/logs/solitek_manufacturing_20250213_172136.log
2025-02-13 17:21:36,068 - solitek_manufacturing - DEBUG - Logger initialized. Log file: /Users/mostafashami/Desktop/PV_Project/CIRCMAN5.0/logs/solitek_manufacturing_20250213_172136.log
2025-02-13 17:21:36,071 - solitek_manufacturing - ERROR - Error analyzing efficiency: No production data available for analysis
2025-02-13 17:21:36,071 - solitek_manufacturing - ERROR - Error analyzing quality metrics: No quality data available for analysis
2025-02-13 17:21:36,071 - solitek_manufacturing - ERROR - Error in lifecycle assessment: No material flow data available
2025-02-13 17:21:36,071 - solitek_manufacturing - DEBUG - Logger initialized. Log file: /Users/mostafashami/Desktop/PV_Project/CIRCMAN5.0/logs/solitek_manufacturing_20250213_172136.log
2025-02-13 17:21:36,074 - solitek_manufacturing - DEBUG - Logger initialized. Log file: /Users/mostafashami/Desktop/PV_Project/CIRCMAN5.0/logs/solitek_manufacturing_20250213_172136.log
2025-02-13 17:21:36,077 - solitek_manufacturing - ERROR - Error analyzing efficiency: Input amounts must be positive
2025-02-13 17:21:36,078 - solitek_manufacturing - DEBUG - Logger initialized. Log file: /Users/mostafashami/Desktop/PV_Project/CIRCMAN5.0/logs/solitek_manufacturing_20250213_172136.log
2025-02-13 17:21:36,080 - solitek_manufacturing - DEBUG - Logger initialized. Log file: /Users/mostafashami/Desktop/PV_Project/CIRCMAN5.0/logs/solitek_manufacturing_20250213_172136.log
2025-02-13 17:21:36,083 - solitek_manufacturing - ERROR - Error optimizing process parameters: No data available for training optimization model
2025-02-13 17:21:36,083 - solitek_manufacturing - ERROR - Error predicting batch outcomes: Model must be trained before prediction
2025-02-13 17:21:36,084 - solitek_manufacturing - DEBUG - Logger initialized. Log file: /Users/mostafashami/Desktop/PV_Project/CIRCMAN5.0/logs/solitek_manufacturing_20250213_172136.log
2025-02-13 17:21:36,086 - solitek_manufacturing - DEBUG - Logger initialized. Log file: /Users/mostafashami/Desktop/PV_Project/CIRCMAN5.0/logs/solitek_manufacturing_20250213_172136.log
2025-02-13 17:21:36,550 - solitek_manufacturing - INFO - Generated visualizations in /Users/mostafashami/Desktop/PV_Project/CIRCMAN5.0/tests/results/runs/run_20250213_172136/visualizations
2025-02-13 17:21:36,553 - solitek_manufacturing - INFO - Completed lifecycle assessment for batch BATCH_0014
2025-02-13 17:21:36,554 - solitek_manufacturing - DEBUG - Logger initialized. Log file: /Users/mostafashami/Desktop/PV_Project/CIRCMAN5.0/logs/solitek_manufacturing_20250213_172136.log
2025-02-13 17:21:36,557 - solitek_manufacturing - DEBUG - Logger initialized. Log file: /Users/mostafashami/Desktop/PV_Project/CIRCMAN5.0/logs/solitek_manufacturing_20250213_172136.log
2025-02-13 17:21:38,298 - solitek_manufacturing - INFO - Generated visualizations in /Users/mostafashami/Desktop/PV_Project/CIRCMAN5.0/tests/results/runs/run_20250213_172136/visualizations
2025-02-13 17:21:38,302 - solitek_manufacturing - INFO - Completed lifecycle assessment for batch None
2025-02-13 17:21:39,559 - solitek_manufacturing - INFO - Successfully generated all reports
