2025-02-13 17:17:43,118 - solitek_manufacturing - DEBUG - Logger initialized. Log file: /Users/mostafashami/Desktop/PV_Project/CIRCMAN5.0/logs/solitek_manufacturing_20250213_171743.log
2025-02-13 17:17:43,123 - solitek_manufacturing - DEBUG - Logger initialized. Log file: /Users/mostafashami/Desktop/PV_Project/CIRCMAN5.0/logs/solitek_manufacturing_20250213_171743.log
2025-02-13 17:17:43,126 - solitek_manufacturing - ERROR - Error analyzing efficiency: No production data available for analysis
2025-02-13 17:17:43,126 - solitek_manufacturing - ERROR - Error analyzing quality metrics: No quality data available for analysis
2025-02-13 17:17:43,126 - solitek_manufacturing - ERROR - Error in lifecycle assessment: No material flow data available
2025-02-13 17:17:43,127 - solitek_manufacturing - DEBUG - Logger initialized. Log file: /Users/mostafashami/Desktop/PV_Project/CIRCMAN5.0/logs/solitek_manufacturing_20250213_171743.log
2025-02-13 17:17:43,130 - solitek_manufacturing - DEBUG - Logger initialized. Log file: /Users/mostafashami/Desktop/PV_Project/CIRCMAN5.0/logs/solitek_manufacturing_20250213_171743.log
2025-02-13 17:17:43,133 - solitek_manufacturing - ERROR - Error analyzing efficiency: Input amounts must be positive
2025-02-13 17:17:43,134 - solitek_manufacturing - DEBUG - Logger initialized. Log file: /Users/mostafashami/Desktop/PV_Project/CIRCMAN5.0/logs/solitek_manufacturing_20250213_171743.log
2025-02-13 17:17:43,137 - solitek_manufacturing - DEBUG - Logger initialized. Log file: /Users/mostafashami/Desktop/PV_Project/CIRCMAN5.0/logs/solitek_manufacturing_20250213_171743.log
2025-02-13 17:17:43,140 - solitek_manufacturing - ERROR - Error optimizing process parameters: No data available for training optimization model
2025-02-13 17:17:43,140 - solitek_manufacturing - ERROR - Error predicting batch outcomes: Model must be trained before prediction
2025-02-13 17:17:43,140 - solitek_manufacturing - DEBUG - Logger initialized. Log file: /Users/mostafashami/Desktop/PV_Project/CIRCMAN5.0/logs/solitek_manufacturing_20250213_171743.log
2025-02-13 17:17:43,194 - solitek_manufacturing - DEBUG - Logger initialized. Log file: /Users/mostafashami/Desktop/PV_Project/CIRCMAN5.0/logs/solitek_manufacturing_20250213_171743.log
2025-02-13 17:17:43,508 - solitek_manufacturing - INFO - Generated visualizations in /Users/mostafashami/Desktop/PV_Project/CIRCMAN5.0/tests/results/runs/run_20250213_171743/visualizations
2025-02-13 17:17:43,511 - solitek_manufacturing - INFO - Completed lifecycle assessment for batch BATCH_0078
2025-02-13 17:17:43,512 - solitek_manufacturing - DEBUG - Logger initialized. Log file: /Users/mostafashami/Desktop/PV_Project/CIRCMAN5.0/logs/solitek_manufacturing_20250213_171743.log
2025-02-13 17:17:43,515 - solitek_manufacturing - DEBUG - Logger initialized. Log file: /Users/mostafashami/Desktop/PV_Project/CIRCMAN5.0/logs/solitek_manufacturing_20250213_171743.log
2025-02-13 17:17:45,192 - solitek_manufacturing - INFO - Generated visualizations in /Users/mostafashami/Desktop/PV_Project/CIRCMAN5.0/tests/results/runs/run_20250213_171743/visualizations
2025-02-13 17:17:45,195 - solitek_manufacturing - INFO - Completed lifecycle assessment for batch None
2025-02-13 17:17:46,361 - solitek_manufacturing - INFO - Successfully generated all reports
