2025-02-13 17:06:37,313 - solitek_manufacturing - DEBUG - Logger initialized. Log file: /Users/mostafashami/Desktop/PV_Project/CIRCMAN5.0/logs/solitek_manufacturing_20250213_170637.log
2025-02-13 17:06:37,316 - solitek_manufacturing - DEBUG - Logger initialized. Log file: /Users/mostafashami/Desktop/PV_Project/CIRCMAN5.0/logs/solitek_manufacturing_20250213_170637.log
2025-02-13 17:06:37,320 - solitek_manufacturing - ERROR - Error analyzing efficiency: No production data available for analysis
2025-02-13 17:06:37,320 - solitek_manufacturing - ERROR - Error analyzing quality metrics: No quality data available for analysis
2025-02-13 17:06:37,320 - solitek_manufacturing - ERROR - Error in lifecycle assessment: No material flow data available
2025-02-13 17:06:37,320 - solitek_manufacturing - DEBUG - Logger initialized. Log file: /Users/mostafashami/Desktop/PV_Project/CIRCMAN5.0/logs/solitek_manufacturing_20250213_170637.log
2025-02-13 17:06:37,323 - solitek_manufacturing - DEBUG - Logger initialized. Log file: /Users/mostafashami/Desktop/PV_Project/CIRCMAN5.0/logs/solitek_manufacturing_20250213_170637.log
2025-02-13 17:06:37,326 - solitek_manufacturing - ERROR - Error analyzing efficiency: Input amounts must be positive
2025-02-13 17:06:37,327 - solitek_manufacturing - DEBUG - Logger initialized. Log file: /Users/mostafashami/Desktop/PV_Project/CIRCMAN5.0/logs/solitek_manufacturing_20250213_170637.log
2025-02-13 17:06:37,330 - solitek_manufacturing - DEBUG - Logger initialized. Log file: /Users/mostafashami/Desktop/PV_Project/CIRCMAN5.0/logs/solitek_manufacturing_20250213_170637.log
2025-02-13 17:06:37,332 - solitek_manufacturing - ERROR - Error optimizing process parameters: No data available for training optimization model
2025-02-13 17:06:37,333 - solitek_manufacturing - ERROR - Error predicting batch outcomes: Model must be trained before prediction
2025-02-13 17:06:37,333 - solitek_manufacturing - DEBUG - Logger initialized. Log file: /Users/mostafashami/Desktop/PV_Project/CIRCMAN5.0/logs/solitek_manufacturing_20250213_170637.log
2025-02-13 17:06:37,336 - solitek_manufacturing - DEBUG - Logger initialized. Log file: /Users/mostafashami/Desktop/PV_Project/CIRCMAN5.0/logs/solitek_manufacturing_20250213_170637.log
2025-02-13 17:06:37,791 - solitek_manufacturing - INFO - Generated visualizations in /Users/mostafashami/Desktop/PV_Project/CIRCMAN5.0/tests/results/runs/run_20250213_170637/visualizations
2025-02-13 17:06:37,795 - solitek_manufacturing - INFO - Completed lifecycle assessment for batch BATCH_0018
2025-02-13 17:06:37,796 - solitek_manufacturing - DEBUG - Logger initialized. Log file: /Users/mostafashami/Desktop/PV_Project/CIRCMAN5.0/logs/solitek_manufacturing_20250213_170637.log
2025-02-13 17:06:37,799 - solitek_manufacturing - DEBUG - Logger initialized. Log file: /Users/mostafashami/Desktop/PV_Project/CIRCMAN5.0/logs/solitek_manufacturing_20250213_170637.log
2025-02-13 17:06:39,475 - solitek_manufacturing - INFO - Generated visualizations in /Users/mostafashami/Desktop/PV_Project/CIRCMAN5.0/tests/results/runs/run_20250213_170637/visualizations
2025-02-13 17:06:39,478 - solitek_manufacturing - INFO - Completed lifecycle assessment for batch None
2025-02-13 17:06:40,712 - solitek_manufacturing - INFO - Successfully generated all reports
