2025-02-13 17:22:27,666 - sustainability_analyzer - DEBUG - Logger initialized. Log file: /Users/mostafashami/Desktop/PV_Project/CIRCMAN5.0/logs/sustainability_analyzer_20250213_172227.log
2025-02-13 17:22:27,681 - sustainability_analyzer - INFO - Carbon footprint calculated: 969.2332277003718
2025-02-13 17:22:27,681 - sustainability_analyzer - INFO - Material efficiency metrics calculated: {'material_efficiency': np.float64(89.9116372788679), 'recycling_rate': np.float64(75.18895360408985), 'waste_reduction': np.float64(89.9116372788679)}
2025-02-13 17:22:27,681 - sustainability_analyzer - INFO - Carbon footprint calculated: 969.2332277003718
2025-02-13 17:22:27,681 - sustainability_analyzer - INFO - Energy efficiency calculated: 81.46% (Base: 90.20%, Carbon Impact: 0.90)
2025-02-13 17:22:27,681 - sustainability_analyzer - INFO - Sustainability score calculated: 82.95937093134035
2025-02-13 17:22:27,681 - sustainability_analyzer - INFO - Sustainability metrics calculated: {'carbon_footprint': {'total': np.float64(969.2332277003718), 'per_unit': np.float64(8.076943564169765)}, 'material_efficiency': {'material_efficiency': 89.9116372788679, 'recycling_rate': 75.18895360408985, 'waste_reduction': 89.9116372788679}, 'sustainability_score': {'overall': 82.95937093134035}}
2025-02-13 17:22:28,858 - sustainability_analyzer - INFO - Carbon footprint calculated: 969.2332277003718
2025-02-13 17:22:28,858 - sustainability_analyzer - INFO - Material efficiency metrics calculated: {'material_efficiency': np.float64(89.9116372788679), 'recycling_rate': np.float64(75.18895360408985), 'waste_reduction': np.float64(89.9116372788679)}
2025-02-13 17:22:28,858 - sustainability_analyzer - INFO - Carbon footprint calculated: 969.2332277003718
2025-02-13 17:22:28,858 - sustainability_analyzer - INFO - Energy efficiency calculated: 81.46% (Base: 90.20%, Carbon Impact: 0.90)
2025-02-13 17:22:28,858 - sustainability_analyzer - INFO - Sustainability score calculated: 82.95937093134035
2025-02-13 17:22:28,858 - sustainability_analyzer - INFO - Sustainability metrics calculated: {'carbon_footprint': {'total': np.float64(969.2332277003718), 'per_unit': np.float64(8.076943564169765)}, 'material_efficiency': {'material_efficiency': 89.9116372788679, 'recycling_rate': 75.18895360408985, 'waste_reduction': 89.9116372788679}, 'sustainability_score': {'overall': 82.95937093134035}}
2025-02-13 17:22:31,328 - sustainability_analyzer - INFO - Carbon footprint calculated: 969.2332277003718
2025-02-13 17:22:31,328 - sustainability_analyzer - INFO - Material efficiency metrics calculated: {'material_efficiency': np.float64(89.9116372788679), 'recycling_rate': np.float64(75.18895360408985), 'waste_reduction': np.float64(89.9116372788679)}
2025-02-13 17:22:31,328 - sustainability_analyzer - INFO - Carbon footprint calculated: 969.2332277003718
2025-02-13 17:22:31,328 - sustainability_analyzer - INFO - Energy efficiency calculated: 81.46% (Base: 90.20%, Carbon Impact: 0.90)
2025-02-13 17:22:31,328 - sustainability_analyzer - INFO - Sustainability score calculated: 82.95937093134035
2025-02-13 17:22:31,328 - sustainability_analyzer - INFO - Sustainability metrics calculated: {'carbon_footprint': {'total': np.float64(969.2332277003718), 'per_unit': np.float64(8.076943564169765)}, 'material_efficiency': {'material_efficiency': 89.9116372788679, 'recycling_rate': 75.18895360408985, 'waste_reduction': 89.9116372788679}, 'sustainability_score': {'overall': 82.95937093134035}}
2025-02-13 17:22:32,574 - sustainability_analyzer - INFO - Carbon footprint calculated: 969.2332277003718
2025-02-13 17:22:32,574 - sustainability_analyzer - INFO - Material efficiency metrics calculated: {'material_efficiency': np.float64(89.9116372788679), 'recycling_rate': np.float64(75.18895360408985), 'waste_reduction': np.float64(89.9116372788679)}
2025-02-13 17:22:32,575 - sustainability_analyzer - INFO - Carbon footprint calculated: 969.2332277003718
2025-02-13 17:22:32,575 - sustainability_analyzer - INFO - Energy efficiency calculated: 81.46% (Base: 90.20%, Carbon Impact: 0.90)
2025-02-13 17:22:32,575 - sustainability_analyzer - INFO - Sustainability score calculated: 82.95937093134035
2025-02-13 17:22:32,575 - sustainability_analyzer - INFO - Sustainability metrics calculated: {'carbon_footprint': {'total': np.float64(969.2332277003718), 'per_unit': np.float64(8.076943564169765)}, 'material_efficiency': {'material_efficiency': 89.9116372788679, 'recycling_rate': 75.18895360408985, 'waste_reduction': 89.9116372788679}, 'sustainability_score': {'overall': 82.95937093134035}}
