2025-02-13 16:16:23,797 - sustainability_analyzer - DEBUG - Logger initialized. Log file: /Users/mostafashami/Desktop/PV_Project/CIRCMAN5.0/logs/sustainability_analyzer_20250213_161623.log
2025-02-13 16:16:23,806 - sustainability_analyzer - WARNING - Empty energy data provided
2025-02-13 16:16:23,806 - sustainability_analyzer - WARNING - Empty material data provided
2025-02-13 16:16:23,806 - sustainability_analyzer - INFO - Sustainability score calculated: 0.0
2025-02-13 16:16:23,806 - sustainability_analyzer - INFO - Sustainability metrics calculated: {'carbon_footprint': {'total': 0.0, 'per_unit': 0.0}, 'material_efficiency': {}, 'sustainability_score': {'overall': 0.0}}
2025-02-13 16:16:23,868 - sustainability_analyzer - DEBUG - Logger initialized. Log file: /Users/mostafashami/Desktop/PV_Project/CIRCMAN5.0/logs/sustainability_analyzer_20250213_161623.log
2025-02-13 16:16:23,871 - sustainability_analyzer - WARNING - Empty energy data provided
2025-02-13 16:16:23,871 - sustainability_analyzer - WARNING - Empty material data provided
2025-02-13 16:16:23,871 - sustainability_analyzer - INFO - Sustainability score calculated: 0.0
2025-02-13 16:16:23,871 - sustainability_analyzer - INFO - Sustainability metrics calculated: {'carbon_footprint': {'total': 0.0, 'per_unit': 0.0}, 'material_efficiency': {}, 'sustainability_score': {'overall': 0.0}}
2025-02-13 16:16:23,883 - sustainability_analyzer - DEBUG - Logger initialized. Log file: /Users/mostafashami/Desktop/PV_Project/CIRCMAN5.0/logs/sustainability_analyzer_20250213_161623.log
2025-02-13 16:16:23,888 - sustainability_analyzer - DEBUG - Logger initialized. Log file: /Users/mostafashami/Desktop/PV_Project/CIRCMAN5.0/logs/sustainability_analyzer_20250213_161623.log
2025-02-13 16:16:23,891 - sustainability_analyzer - WARNING - Empty energy data provided
2025-02-13 16:16:23,891 - sustainability_analyzer - WARNING - Empty material data provided
2025-02-13 16:16:23,891 - sustainability_analyzer - INFO - Sustainability score calculated: 0.0
2025-02-13 16:16:23,891 - sustainability_analyzer - INFO - Sustainability metrics calculated: {'carbon_footprint': {'total': 0.0, 'per_unit': 0.0}, 'material_efficiency': {}, 'sustainability_score': {'overall': 0.0}}
2025-02-13 16:16:23,906 - sustainability_analyzer - DEBUG - Logger initialized. Log file: /Users/mostafashami/Desktop/PV_Project/CIRCMAN5.0/logs/sustainability_analyzer_20250213_161623.log
2025-02-13 16:16:23,909 - sustainability_analyzer - WARNING - Empty energy data provided
2025-02-13 16:16:23,909 - sustainability_analyzer - WARNING - Empty material data provided
2025-02-13 16:16:23,909 - sustainability_analyzer - INFO - Sustainability score calculated: 0.0
2025-02-13 16:16:23,909 - sustainability_analyzer - INFO - Sustainability metrics calculated: {'carbon_footprint': {'total': 0.0, 'per_unit': 0.0}, 'material_efficiency': {}, 'sustainability_score': {'overall': 0.0}}
