2025-02-13 17:29:25,026 - sustainability_analyzer - DEBUG - Logger initialized. Log file: /Users/mostafashami/Desktop/PV_Project/CIRCMAN5.0/logs/sustainability_analyzer_20250213_172925.log
2025-02-13 17:29:25,039 - sustainability_analyzer - INFO - Carbon footprint calculated: 943.6360120794291
2025-02-13 17:29:25,039 - sustainability_analyzer - INFO - Material efficiency metrics calculated: {'material_efficiency': np.float64(90.45268686748463), 'recycling_rate': np.float64(76.40971778474443), 'waste_reduction': np.float64(90.45268686748463)}
2025-02-13 17:29:25,040 - sustainability_analyzer - INFO - Carbon footprint calculated: 943.6360120794291
2025-02-13 17:29:25,040 - sustainability_analyzer - INFO - Energy efficiency calculated: 81.64% (Base: 90.15%, Carbon Impact: 0.91)
2025-02-13 17:29:25,040 - sustainability_analyzer - INFO - Sustainability score calculated: 83.59739285801344
2025-02-13 17:29:25,040 - sustainability_analyzer - INFO - Sustainability metrics calculated: {'carbon_footprint': {'total': np.float64(943.6360120794291), 'per_unit': np.float64(7.8636334339952425)}, 'material_efficiency': {'material_efficiency': 90.45268686748463, 'recycling_rate': 76.40971778474443, 'waste_reduction': 90.45268686748463}, 'sustainability_score': {'overall': 83.59739285801344}}
2025-02-13 17:29:26,216 - sustainability_analyzer - INFO - Carbon footprint calculated: 943.6360120794291
2025-02-13 17:29:26,216 - sustainability_analyzer - INFO - Material efficiency metrics calculated: {'material_efficiency': np.float64(90.45268686748463), 'recycling_rate': np.float64(76.40971778474443), 'waste_reduction': np.float64(90.45268686748463)}
2025-02-13 17:29:26,216 - sustainability_analyzer - INFO - Carbon footprint calculated: 943.6360120794291
2025-02-13 17:29:26,217 - sustainability_analyzer - INFO - Energy efficiency calculated: 81.64% (Base: 90.15%, Carbon Impact: 0.91)
2025-02-13 17:29:26,217 - sustainability_analyzer - INFO - Sustainability score calculated: 83.59739285801344
2025-02-13 17:29:26,217 - sustainability_analyzer - INFO - Sustainability metrics calculated: {'carbon_footprint': {'total': np.float64(943.6360120794291), 'per_unit': np.float64(7.8636334339952425)}, 'material_efficiency': {'material_efficiency': 90.45268686748463, 'recycling_rate': 76.40971778474443, 'waste_reduction': 90.45268686748463}, 'sustainability_score': {'overall': 83.59739285801344}}
2025-02-13 17:29:28,656 - sustainability_analyzer - INFO - Carbon footprint calculated: 943.6360120794291
2025-02-13 17:29:28,656 - sustainability_analyzer - INFO - Material efficiency metrics calculated: {'material_efficiency': np.float64(90.45268686748463), 'recycling_rate': np.float64(76.40971778474443), 'waste_reduction': np.float64(90.45268686748463)}
2025-02-13 17:29:28,657 - sustainability_analyzer - INFO - Carbon footprint calculated: 943.6360120794291
2025-02-13 17:29:28,657 - sustainability_analyzer - INFO - Energy efficiency calculated: 81.64% (Base: 90.15%, Carbon Impact: 0.91)
2025-02-13 17:29:28,657 - sustainability_analyzer - INFO - Sustainability score calculated: 83.59739285801344
2025-02-13 17:29:28,657 - sustainability_analyzer - INFO - Sustainability metrics calculated: {'carbon_footprint': {'total': np.float64(943.6360120794291), 'per_unit': np.float64(7.8636334339952425)}, 'material_efficiency': {'material_efficiency': 90.45268686748463, 'recycling_rate': 76.40971778474443, 'waste_reduction': 90.45268686748463}, 'sustainability_score': {'overall': 83.59739285801344}}
2025-02-13 17:29:29,895 - sustainability_analyzer - INFO - Carbon footprint calculated: 943.6360120794291
2025-02-13 17:29:29,895 - sustainability_analyzer - INFO - Material efficiency metrics calculated: {'material_efficiency': np.float64(90.45268686748463), 'recycling_rate': np.float64(76.40971778474443), 'waste_reduction': np.float64(90.45268686748463)}
2025-02-13 17:29:29,896 - sustainability_analyzer - INFO - Carbon footprint calculated: 943.6360120794291
2025-02-13 17:29:29,896 - sustainability_analyzer - INFO - Energy efficiency calculated: 81.64% (Base: 90.15%, Carbon Impact: 0.91)
2025-02-13 17:29:29,896 - sustainability_analyzer - INFO - Sustainability score calculated: 83.59739285801344
2025-02-13 17:29:29,896 - sustainability_analyzer - INFO - Sustainability metrics calculated: {'carbon_footprint': {'total': np.float64(943.6360120794291), 'per_unit': np.float64(7.8636334339952425)}, 'material_efficiency': {'material_efficiency': 90.45268686748463, 'recycling_rate': 76.40971778474443, 'waste_reduction': 90.45268686748463}, 'sustainability_score': {'overall': 83.59739285801344}}
