2025-02-13 17:21:36,065 - sustainability_analyzer - DEBUG - Logger initialized. Log file: /Users/mostafashami/Desktop/PV_Project/CIRCMAN5.0/logs/sustainability_analyzer_20250213_172136.log
2025-02-13 17:21:36,068 - sustainability_analyzer - DEBUG - Logger initialized. Log file: /Users/mostafashami/Desktop/PV_Project/CIRCMAN5.0/logs/sustainability_analyzer_20250213_172136.log
2025-02-13 17:21:36,072 - sustainability_analyzer - DEBUG - Logger initialized. Log file: /Users/mostafashami/Desktop/PV_Project/CIRCMAN5.0/logs/sustainability_analyzer_20250213_172136.log
2025-02-13 17:21:36,075 - sustainability_analyzer - DEBUG - Logger initialized. Log file: /Users/mostafashami/Desktop/PV_Project/CIRCMAN5.0/logs/sustainability_analyzer_20250213_172136.log
2025-02-13 17:21:36,078 - sustainability_analyzer - DEBUG - Logger initialized. Log file: /Users/mostafashami/Desktop/PV_Project/CIRCMAN5.0/logs/sustainability_analyzer_20250213_172136.log
2025-02-13 17:21:36,081 - sustainability_analyzer - DEBUG - Logger initialized. Log file: /Users/mostafashami/Desktop/PV_Project/CIRCMAN5.0/logs/sustainability_analyzer_20250213_172136.log
2025-02-13 17:21:36,084 - sustainability_analyzer - DEBUG - Logger initialized. Log file: /Users/mostafashami/Desktop/PV_Project/CIRCMAN5.0/logs/sustainability_analyzer_20250213_172136.log
2025-02-13 17:21:36,087 - sustainability_analyzer - DEBUG - Logger initialized. Log file: /Users/mostafashami/Desktop/PV_Project/CIRCMAN5.0/logs/sustainability_analyzer_20250213_172136.log
2025-02-13 17:21:36,554 - sustainability_analyzer - DEBUG - Logger initialized. Log file: /Users/mostafashami/Desktop/PV_Project/CIRCMAN5.0/logs/sustainability_analyzer_20250213_172136.log
2025-02-13 17:21:36,558 - sustainability_analyzer - DEBUG - Logger initialized. Log file: /Users/mostafashami/Desktop/PV_Project/CIRCMAN5.0/logs/sustainability_analyzer_20250213_172136.log
2025-02-13 17:21:36,567 - sustainability_analyzer - INFO - Carbon footprint calculated: 843.38364829449
2025-02-13 17:21:36,567 - sustainability_analyzer - INFO - Material efficiency metrics calculated: {'material_efficiency': np.float64(89.89236016965681), 'recycling_rate': np.float64(75.65496392009275), 'waste_reduction': np.float64(89.89236016965681)}
2025-02-13 17:21:36,567 - sustainability_analyzer - INFO - Carbon footprint calculated: 843.38364829449
2025-02-13 17:21:36,567 - sustainability_analyzer - INFO - Energy efficiency calculated: 82.92% (Base: 90.55%, Carbon Impact: 0.92)
2025-02-13 17:21:36,567 - sustainability_analyzer - INFO - Sustainability score calculated: 83.52821706338239
2025-02-13 17:21:36,567 - sustainability_analyzer - INFO - Sustainability metrics calculated: {'carbon_footprint': {'total': np.float64(843.38364829449), 'per_unit': np.float64(7.02819706912075)}, 'material_efficiency': {'material_efficiency': 89.89236016965681, 'recycling_rate': 75.65496392009275, 'waste_reduction': 89.89236016965681}, 'sustainability_score': {'overall': 83.52821706338239}}
2025-02-13 17:21:38,302 - sustainability_analyzer - INFO - Carbon footprint calculated: 843.38364829449
2025-02-13 17:21:38,302 - sustainability_analyzer - INFO - Material efficiency metrics calculated: {'material_efficiency': np.float64(89.89236016965681), 'recycling_rate': np.float64(75.65496392009275), 'waste_reduction': np.float64(89.89236016965681)}
2025-02-13 17:21:38,303 - sustainability_analyzer - INFO - Carbon footprint calculated: 843.38364829449
2025-02-13 17:21:38,303 - sustainability_analyzer - INFO - Energy efficiency calculated: 82.92% (Base: 90.55%, Carbon Impact: 0.92)
2025-02-13 17:21:38,303 - sustainability_analyzer - INFO - Sustainability score calculated: 83.52821706338239
2025-02-13 17:21:38,303 - sustainability_analyzer - INFO - Sustainability metrics calculated: {'carbon_footprint': {'total': np.float64(843.38364829449), 'per_unit': np.float64(7.02819706912075)}, 'material_efficiency': {'material_efficiency': 89.89236016965681, 'recycling_rate': 75.65496392009275, 'waste_reduction': 89.89236016965681}, 'sustainability_score': {'overall': 83.52821706338239}}
