2025-02-13 17:20:06,650 - sustainability_analyzer - DEBUG - Logger initialized. Log file: /Users/mostafashami/Desktop/PV_Project/CIRCMAN5.0/logs/sustainability_analyzer_20250213_172006.log
2025-02-13 17:20:06,663 - sustainability_analyzer - INFO - Carbon footprint calculated: 847.9016000420739
2025-02-13 17:20:06,663 - sustainability_analyzer - INFO - Material efficiency metrics calculated: {'material_efficiency': np.float64(89.96803282354648), 'recycling_rate': np.float64(75.15595959007246), 'waste_reduction': np.float64(89.96803282354648)}
2025-02-13 17:20:06,664 - sustainability_analyzer - INFO - Carbon footprint calculated: 847.9016000420739
2025-02-13 17:20:06,664 - sustainability_analyzer - INFO - Energy efficiency calculated: 82.53% (Base: 90.18%, Carbon Impact: 0.92)
2025-02-13 17:20:06,664 - sustainability_analyzer - INFO - Sustainability score calculated: 83.29325644027966
2025-02-13 17:20:06,664 - sustainability_analyzer - INFO - Sustainability metrics calculated: {'carbon_footprint': {'total': np.float64(847.9016000420739), 'per_unit': np.float64(7.065846667017283)}, 'material_efficiency': {'material_efficiency': 89.96803282354648, 'recycling_rate': 75.15595959007246, 'waste_reduction': 89.96803282354648}, 'sustainability_score': {'overall': 83.29325644027966}}
2025-02-13 17:20:07,838 - sustainability_analyzer - INFO - Carbon footprint calculated: 847.9016000420739
2025-02-13 17:20:07,838 - sustainability_analyzer - INFO - Material efficiency metrics calculated: {'material_efficiency': np.float64(89.96803282354648), 'recycling_rate': np.float64(75.15595959007246), 'waste_reduction': np.float64(89.96803282354648)}
2025-02-13 17:20:07,838 - sustainability_analyzer - INFO - Carbon footprint calculated: 847.9016000420739
2025-02-13 17:20:07,838 - sustainability_analyzer - INFO - Energy efficiency calculated: 82.53% (Base: 90.18%, Carbon Impact: 0.92)
2025-02-13 17:20:07,838 - sustainability_analyzer - INFO - Sustainability score calculated: 83.29325644027966
2025-02-13 17:20:07,838 - sustainability_analyzer - INFO - Sustainability metrics calculated: {'carbon_footprint': {'total': np.float64(847.9016000420739), 'per_unit': np.float64(7.065846667017283)}, 'material_efficiency': {'material_efficiency': 89.96803282354648, 'recycling_rate': 75.15595959007246, 'waste_reduction': 89.96803282354648}, 'sustainability_score': {'overall': 83.29325644027966}}
2025-02-13 17:20:10,271 - sustainability_analyzer - INFO - Carbon footprint calculated: 847.9016000420739
2025-02-13 17:20:10,271 - sustainability_analyzer - INFO - Material efficiency metrics calculated: {'material_efficiency': np.float64(89.96803282354648), 'recycling_rate': np.float64(75.15595959007246), 'waste_reduction': np.float64(89.96803282354648)}
2025-02-13 17:20:10,272 - sustainability_analyzer - INFO - Carbon footprint calculated: 847.9016000420739
2025-02-13 17:20:10,272 - sustainability_analyzer - INFO - Energy efficiency calculated: 82.53% (Base: 90.18%, Carbon Impact: 0.92)
2025-02-13 17:20:10,272 - sustainability_analyzer - INFO - Sustainability score calculated: 83.29325644027966
2025-02-13 17:20:10,272 - sustainability_analyzer - INFO - Sustainability metrics calculated: {'carbon_footprint': {'total': np.float64(847.9016000420739), 'per_unit': np.float64(7.065846667017283)}, 'material_efficiency': {'material_efficiency': 89.96803282354648, 'recycling_rate': 75.15595959007246, 'waste_reduction': 89.96803282354648}, 'sustainability_score': {'overall': 83.29325644027966}}
2025-02-13 17:20:11,501 - sustainability_analyzer - INFO - Carbon footprint calculated: 847.9016000420739
2025-02-13 17:20:11,501 - sustainability_analyzer - INFO - Material efficiency metrics calculated: {'material_efficiency': np.float64(89.96803282354648), 'recycling_rate': np.float64(75.15595959007246), 'waste_reduction': np.float64(89.96803282354648)}
2025-02-13 17:20:11,501 - sustainability_analyzer - INFO - Carbon footprint calculated: 847.9016000420739
2025-02-13 17:20:11,501 - sustainability_analyzer - INFO - Energy efficiency calculated: 82.53% (Base: 90.18%, Carbon Impact: 0.92)
2025-02-13 17:20:11,501 - sustainability_analyzer - INFO - Sustainability score calculated: 83.29325644027966
2025-02-13 17:20:11,501 - sustainability_analyzer - INFO - Sustainability metrics calculated: {'carbon_footprint': {'total': np.float64(847.9016000420739), 'per_unit': np.float64(7.065846667017283)}, 'material_efficiency': {'material_efficiency': 89.96803282354648, 'recycling_rate': 75.15595959007246, 'waste_reduction': 89.96803282354648}, 'sustainability_score': {'overall': 83.29325644027966}}
