2025-02-13 17:40:35,042 - sustainability_analyzer - DEBUG - Logger initialized. Log file: /Users/mostafashami/Desktop/PV_Project/CIRCMAN5.0/logs/sustainability_analyzer_20250213_174035.log
2025-02-13 17:40:35,046 - sustainability_analyzer - DEBUG - Logger initialized. Log file: /Users/mostafashami/Desktop/PV_Project/CIRCMAN5.0/logs/sustainability_analyzer_20250213_174035.log
2025-02-13 17:40:35,050 - sustainability_analyzer - DEBUG - Logger initialized. Log file: /Users/mostafashami/Desktop/PV_Project/CIRCMAN5.0/logs/sustainability_analyzer_20250213_174035.log
2025-02-13 17:40:35,053 - sustainability_analyzer - DEBUG - Logger initialized. Log file: /Users/mostafashami/Desktop/PV_Project/CIRCMAN5.0/logs/sustainability_analyzer_20250213_174035.log
2025-02-13 17:40:35,057 - sustainability_analyzer - DEBUG - Logger initialized. Log file: /Users/mostafashami/Desktop/PV_Project/CIRCMAN5.0/logs/sustainability_analyzer_20250213_174035.log
2025-02-13 17:40:35,059 - sustainability_analyzer - DEBUG - Logger initialized. Log file: /Users/mostafashami/Desktop/PV_Project/CIRCMAN5.0/logs/sustainability_analyzer_20250213_174035.log
2025-02-13 17:40:35,063 - sustainability_analyzer - DEBUG - Logger initialized. Log file: /Users/mostafashami/Desktop/PV_Project/CIRCMAN5.0/logs/sustainability_analyzer_20250213_174035.log
2025-02-13 17:40:35,066 - sustainability_analyzer - DEBUG - Logger initialized. Log file: /Users/mostafashami/Desktop/PV_Project/CIRCMAN5.0/logs/sustainability_analyzer_20250213_174035.log
2025-02-13 17:40:35,518 - sustainability_analyzer - DEBUG - Logger initialized. Log file: /Users/mostafashami/Desktop/PV_Project/CIRCMAN5.0/logs/sustainability_analyzer_20250213_174035.log
2025-02-13 17:40:35,522 - sustainability_analyzer - DEBUG - Logger initialized. Log file: /Users/mostafashami/Desktop/PV_Project/CIRCMAN5.0/logs/sustainability_analyzer_20250213_174035.log
2025-02-13 17:40:35,532 - sustainability_analyzer - INFO - Carbon footprint calculated: 833.954482752495
2025-02-13 17:40:35,532 - sustainability_analyzer - INFO - Material efficiency metrics calculated: {'material_efficiency': np.float64(90.13574331016252), 'recycling_rate': np.float64(73.60986240827003), 'waste_reduction': np.float64(90.13574331016252)}
2025-02-13 17:40:35,532 - sustainability_analyzer - INFO - Carbon footprint calculated: 833.954482752495
2025-02-13 17:40:35,532 - sustainability_analyzer - INFO - Energy efficiency calculated: 82.45% (Base: 89.95%, Carbon Impact: 0.92)
2025-02-13 17:40:35,532 - sustainability_analyzer - INFO - Sustainability score calculated: 82.87202855045255
2025-02-13 17:40:35,532 - sustainability_analyzer - INFO - Sustainability metrics calculated: {'carbon_footprint': {'total': np.float64(833.954482752495), 'per_unit': np.float64(6.949620689604125)}, 'material_efficiency': {'material_efficiency': 90.13574331016252, 'recycling_rate': 73.60986240827003, 'waste_reduction': 90.13574331016252}, 'sustainability_score': {'overall': 82.87202855045255}}
2025-02-13 17:40:37,206 - sustainability_analyzer - INFO - Carbon footprint calculated: 833.954482752495
2025-02-13 17:40:37,206 - sustainability_analyzer - INFO - Material efficiency metrics calculated: {'material_efficiency': np.float64(90.13574331016252), 'recycling_rate': np.float64(73.60986240827003), 'waste_reduction': np.float64(90.13574331016252)}
2025-02-13 17:40:37,206 - sustainability_analyzer - INFO - Carbon footprint calculated: 833.954482752495
2025-02-13 17:40:37,206 - sustainability_analyzer - INFO - Energy efficiency calculated: 82.45% (Base: 89.95%, Carbon Impact: 0.92)
2025-02-13 17:40:37,206 - sustainability_analyzer - INFO - Sustainability score calculated: 82.87202855045255
2025-02-13 17:40:37,206 - sustainability_analyzer - INFO - Sustainability metrics calculated: {'carbon_footprint': {'total': np.float64(833.954482752495), 'per_unit': np.float64(6.949620689604125)}, 'material_efficiency': {'material_efficiency': 90.13574331016252, 'recycling_rate': 73.60986240827003, 'waste_reduction': 90.13574331016252}, 'sustainability_score': {'overall': 82.87202855045255}}
