2025-02-13 16:18:27,176 - sustainability_analyzer - DEBUG - Logger initialized. Log file: /Users/mostafashami/Desktop/PV_Project/CIRCMAN5.0/logs/sustainability_analyzer_20250213_161827.log
2025-02-13 16:18:27,186 - sustainability_analyzer - WARNING - Empty energy data provided
2025-02-13 16:18:27,186 - sustainability_analyzer - WARNING - Empty material data provided
2025-02-13 16:18:27,186 - sustainability_analyzer - INFO - Sustainability score calculated: 0.0
2025-02-13 16:18:27,187 - sustainability_analyzer - INFO - Sustainability metrics calculated: {'carbon_footprint': {'total': 0.0, 'per_unit': 0.0}, 'material_efficiency': {}, 'sustainability_score': {'overall': 0.0}}
2025-02-13 16:18:27,247 - sustainability_analyzer - DEBUG - Logger initialized. Log file: /Users/mostafashami/Desktop/PV_Project/CIRCMAN5.0/logs/sustainability_analyzer_20250213_161827.log
2025-02-13 16:18:27,249 - sustainability_analyzer - WARNING - Empty energy data provided
2025-02-13 16:18:27,249 - sustainability_analyzer - WARNING - Empty material data provided
2025-02-13 16:18:27,249 - sustainability_analyzer - INFO - Sustainability score calculated: 0.0
2025-02-13 16:18:27,249 - sustainability_analyzer - INFO - Sustainability metrics calculated: {'carbon_footprint': {'total': 0.0, 'per_unit': 0.0}, 'material_efficiency': {}, 'sustainability_score': {'overall': 0.0}}
2025-02-13 16:18:27,261 - sustainability_analyzer - DEBUG - Logger initialized. Log file: /Users/mostafashami/Desktop/PV_Project/CIRCMAN5.0/logs/sustainability_analyzer_20250213_161827.log
2025-02-13 16:18:27,265 - sustainability_analyzer - DEBUG - Logger initialized. Log file: /Users/mostafashami/Desktop/PV_Project/CIRCMAN5.0/logs/sustainability_analyzer_20250213_161827.log
2025-02-13 16:18:27,268 - sustainability_analyzer - WARNING - Empty energy data provided
2025-02-13 16:18:27,268 - sustainability_analyzer - WARNING - Empty material data provided
2025-02-13 16:18:27,268 - sustainability_analyzer - INFO - Sustainability score calculated: 0.0
2025-02-13 16:18:27,268 - sustainability_analyzer - INFO - Sustainability metrics calculated: {'carbon_footprint': {'total': 0.0, 'per_unit': 0.0}, 'material_efficiency': {}, 'sustainability_score': {'overall': 0.0}}
2025-02-13 16:18:27,282 - sustainability_analyzer - DEBUG - Logger initialized. Log file: /Users/mostafashami/Desktop/PV_Project/CIRCMAN5.0/logs/sustainability_analyzer_20250213_161827.log
2025-02-13 16:18:27,285 - sustainability_analyzer - WARNING - Empty energy data provided
2025-02-13 16:18:27,285 - sustainability_analyzer - WARNING - Empty material data provided
2025-02-13 16:18:27,285 - sustainability_analyzer - INFO - Sustainability score calculated: 0.0
2025-02-13 16:18:27,285 - sustainability_analyzer - INFO - Sustainability metrics calculated: {'carbon_footprint': {'total': 0.0, 'per_unit': 0.0}, 'material_efficiency': {}, 'sustainability_score': {'overall': 0.0}}
